<?xml version="1.0" encoding="UTF-8"?>
<testsuite name="com.ving.ecommerce.users.UsersApplicationTests" time="0.02" tests="1" errors="1" skipped="0" failures="0">
  <properties>
[...]
</properties>
  <testcase name="contextLoads" classname="com.ving.ecommerce.users.UsersApplicationTests" time="0.02">
    <error message="Failed to load ApplicationContext" type="java.lang.IllegalStateException">java.lang.IllegalStateException: Failed to load ApplicationContext
	at org.springframework.test.context.cache.DefaultCacheAwareContextLoaderDelegate.loadContext(DefaultCacheAwareContextLoaderDelegate.java:124)
	at org.springframework.test.context.support.DefaultTestContext.getApplicationContext(DefaultTestContext.java:83)
	at org.springframework.test.context.web.ServletTestExecutionListener.setUpRequestContextIfNecessary(ServletTestExecutionListener.java:189)
	at org.springframework.test.context.web.ServletTestExecutionListener.prepareTestInstance(ServletTestExecutionListener.java:131)
	at org.springframework.test.context.TestContextManager.prepareTestInstance(TestContextManager.java:230)
	at org.springframework.test.context.junit4.SpringJUnit4ClassRunner.createTest(SpringJUnit4ClassRunner.java:228)
	at org.springframework.test.context.junit4.SpringJUnit4ClassRunner$1.runReflectiveCall(SpringJUnit4ClassRunner.java:287)
	at org.junit.internal.runners.model.ReflectiveCallable.run(ReflectiveCallable.java:12)
	at org.springframework.test.context.junit4.SpringJUnit4ClassRunner.methodBlock(SpringJUnit4ClassRunner.java:289)
	at org.springframework.test.context.junit4.SpringJUnit4ClassRunner.runChild(SpringJUnit4ClassRunner.java:247)
	at org.springframework.test.context.junit4.SpringJUnit4ClassRunner.runChild(SpringJUnit4ClassRunner.java:94)
	at org.junit.runners.ParentRunner$3.run(ParentRunner.java:290)
	at org.junit.runners.ParentRunner$1.schedule(ParentRunner.java:71)
	at org.junit.runners.ParentRunner.runChildren(ParentRunner.java:288)
	at org.junit.runners.ParentRunner.access$000(ParentRunner.java:58)
	at org.junit.runners.ParentRunner$2.evaluate(ParentRunner.java:268)
	at org.springframework.test.context.junit4.statements.RunBeforeTestClassCallbacks.evaluate(RunBeforeTestClassCallbacks.java:61)
	at org.springframework.test.context.junit4.statements.RunAfterTestClassCallbacks.evaluate(RunAfterTestClassCallbacks.java:70)
	at org.junit.runners.ParentRunner.run(ParentRunner.java:363)
	at org.springframework.test.context.junit4.SpringJUnit4ClassRunner.run(SpringJUnit4ClassRunner.java:191)
	at org.apache.maven.surefire.junit4.JUnit4Provider.execute(JUnit4Provider.java:283)
	at org.apache.maven.surefire.junit4.JUnit4Provider.executeWithRerun(JUnit4Provider.java:173)
	at org.apache.maven.surefire.junit4.JUnit4Provider.executeTestSet(JUnit4Provider.java:153)
	at org.apache.maven.surefire.junit4.JUnit4Provider.invoke(JUnit4Provider.java:128)
	at org.apache.maven.surefire.booter.ForkedBooter.invokeProviderInSameClassLoader(ForkedBooter.java:203)
	at org.apache.maven.surefire.booter.ForkedBooter.runSuitesInProcess(ForkedBooter.java:155)
	at org.apache.maven.surefire.booter.ForkedBooter.main(ForkedBooter.java:103)
Caused by: org.springframework.beans.factory.BeanCreationException: Error creating bean with name 'entityManagerFactory' defined in class path resource [org/springframework/boot/autoconfigure/orm/jpa/HibernateJpaAutoConfiguration.class]: Invocation of init method failed; nested exception is javax.persistence.PersistenceException: [PersistenceUnit: default] Unable to build Hibernate SessionFactory; nested exception is org.hibernate.MappingException: Composite-id class must implement Serializable: com.ving.ecommerce.users.model.UserAddress
	at org.springframework.beans.factory.support.AbstractAutowireCapableBeanFactory.initializeBean(AbstractAutowireCapableBeanFactory.java:1630)
	at org.springframework.beans.factory.support.AbstractAutowireCapableBeanFactory.doCreateBean(AbstractAutowireCapableBeanFactory.java:553)
	at org.springframework.beans.factory.support.AbstractAutowireCapableBeanFactory.createBean(AbstractAutowireCapableBeanFactory.java:481)
	at org.springframework.beans.factory.support.AbstractBeanFactory$1.getObject(AbstractBeanFactory.java:312)
	at org.springframework.beans.factory.support.DefaultSingletonBeanRegistry.getSingleton(DefaultSingletonBeanRegistry.java:230)
	at org.springframework.beans.factory.support.AbstractBeanFactory.doGetBean(AbstractBeanFactory.java:308)
	at org.springframework.beans.factory.support.AbstractBeanFactory.getBean(AbstractBeanFactory.java:197)
	at org.springframework.context.support.AbstractApplicationContext.getBean(AbstractApplicationContext.java:1082)
	at org.springframework.context.support.AbstractApplicationContext.finishBeanFactoryInitialization(AbstractApplicationContext.java:857)
	at org.springframework.context.support.AbstractApplicationContext.refresh(AbstractApplicationContext.java:542)
	at org.springframework.boot.SpringApplication.refresh(SpringApplication.java:693)
	at org.springframework.boot.SpringApplication.refreshContext(SpringApplication.java:360)
	at org.springframework.boot.SpringApplication.run(SpringApplication.java:303)
	at org.springframework.boot.test.context.SpringBootContextLoader.loadContext(SpringBootContextLoader.java:121)
	at org.springframework.test.context.cache.DefaultCacheAwareContextLoaderDelegate.loadContextInternal(DefaultCacheAwareContextLoaderDelegate.java:98)
	at org.springframework.test.context.cache.DefaultCacheAwareContextLoaderDelegate.loadContext(DefaultCacheAwareContextLoaderDelegate.java:116)
	at org.springframework.test.context.support.DefaultTestContext.getApplicationContext(DefaultTestContext.java:83)
	at org.springframework.test.context.web.ServletTestExecutionListener.setUpRequestContextIfNecessary(ServletTestExecutionListener.java:189)
	at org.springframework.test.context.web.ServletTestExecutionListener.prepareTestInstance(ServletTestExecutionListener.java:131)
	at org.springframework.test.context.TestContextManager.prepareTestInstance(TestContextManager.java:230)
	at org.springframework.test.context.junit4.SpringJUnit4ClassRunner.createTest(SpringJUnit4ClassRunner.java:228)
	at org.springframework.test.context.junit4.SpringJUnit4ClassRunner$1.runReflectiveCall(SpringJUnit4ClassRunner.java:287)
	at org.junit.internal.runners.model.ReflectiveCallable.run(ReflectiveCallable.java:12)
	at org.springframework.test.context.junit4.SpringJUnit4ClassRunner.methodBlock(SpringJUnit4ClassRunner.java:289)
	at org.springframework.test.context.junit4.SpringJUnit4ClassRunner.runChild(SpringJUnit4ClassRunner.java:247)
	at org.springframework.test.context.junit4.SpringJUnit4ClassRunner.runChild(SpringJUnit4ClassRunner.java:94)
	at org.junit.runners.ParentRunner$3.run(ParentRunner.java:290)
	at org.junit.runners.ParentRunner$1.schedule(ParentRunner.java:71)
	at org.junit.runners.ParentRunner.runChildren(ParentRunner.java:288)
	at org.junit.runners.ParentRunner.access$000(ParentRunner.java:58)
	at org.junit.runners.ParentRunner$2.evaluate(ParentRunner.java:268)
	at org.springframework.test.context.junit4.statements.RunBeforeTestClassCallbacks.evaluate(RunBeforeTestClassCallbacks.java:61)
	at org.springframework.test.context.junit4.statements.RunAfterTestClassCallbacks.evaluate(RunAfterTestClassCallbacks.java:70)
	at org.junit.runners.ParentRunner.run(ParentRunner.java:363)
	at org.springframework.test.context.junit4.SpringJUnit4ClassRunner.run(SpringJUnit4ClassRunner.java:191)
	at org.apache.maven.surefire.junit4.JUnit4Provider.execute(JUnit4Provider.java:283)
	at org.apache.maven.surefire.junit4.JUnit4Provider.executeWithRerun(JUnit4Provider.java:173)
	at org.apache.maven.surefire.junit4.JUnit4Provider.executeTestSet(JUnit4Provider.java:153)
	at org.apache.maven.surefire.junit4.JUnit4Provider.invoke(JUnit4Provider.java:128)
	at org.apache.maven.surefire.booter.ForkedBooter.invokeProviderInSameClassLoader(ForkedBooter.java:203)
	at org.apache.maven.surefire.booter.ForkedBooter.runSuitesInProcess(ForkedBooter.java:155)
	at org.apache.maven.surefire.booter.ForkedBooter.main(ForkedBooter.java:103)
Caused by: javax.persistence.PersistenceException: [PersistenceUnit: default] Unable to build Hibernate SessionFactory; nested exception is org.hibernate.MappingException: Composite-id class must implement Serializable: com.ving.ecommerce.users.model.UserAddress
	at org.springframework.orm.jpa.AbstractEntityManagerFactoryBean.buildNativeEntityManagerFactory(AbstractEntityManagerFactoryBean.java:396)
	at org.springframework.orm.jpa.AbstractEntityManagerFactoryBean.afterPropertiesSet(AbstractEntityManagerFactoryBean.java:371)
	at org.springframework.orm.jpa.LocalContainerEntityManagerFactoryBean.afterPropertiesSet(LocalContainerEntityManagerFactoryBean.java:336)
	at org.springframework.beans.factory.support.AbstractAutowireCapableBeanFactory.invokeInitMethods(AbstractAutowireCapableBeanFactory.java:1688)
	at org.springframework.beans.factory.support.AbstractAutowireCapableBeanFactory.initializeBean(AbstractAutowireCapableBeanFactory.java:1626)
	at org.springframework.beans.factory.support.AbstractAutowireCapableBeanFactory.doCreateBean(AbstractAutowireCapableBeanFactory.java:553)
	at org.springframework.beans.factory.support.AbstractAutowireCapableBeanFactory.createBean(AbstractAutowireCapableBeanFactory.java:481)
	at org.springframework.beans.factory.support.AbstractBeanFactory$1.getObject(AbstractBeanFactory.java:312)
	at org.springframework.beans.factory.support.DefaultSingletonBeanRegistry.getSingleton(DefaultSingletonBeanRegistry.java:230)
	at org.springframework.beans.factory.support.AbstractBeanFactory.doGetBean(AbstractBeanFactory.java:308)
	at org.springframework.beans.factory.support.AbstractBeanFactory.getBean(AbstractBeanFactory.java:197)
	at org.springframework.context.support.AbstractApplicationContext.getBean(AbstractApplicationContext.java:1082)
	at org.springframework.context.support.AbstractApplicationContext.finishBeanFactoryInitialization(AbstractApplicationContext.java:857)
	at org.springframework.context.support.AbstractApplicationContext.refresh(AbstractApplicationContext.java:542)
	at org.springframework.boot.SpringApplication.refresh(SpringApplication.java:693)
	at org.springframework.boot.SpringApplication.refreshContext(SpringApplication.java:360)
	at org.springframework.boot.SpringApplication.run(SpringApplication.java:303)
	at org.springframework.boot.test.context.SpringBootContextLoader.loadContext(SpringBootContextLoader.java:121)
	at org.springframework.test.context.cache.DefaultCacheAwareContextLoaderDelegate.loadContextInternal(DefaultCacheAwareContextLoaderDelegate.java:98)
	at org.springframework.test.context.cache.DefaultCacheAwareContextLoaderDelegate.loadContext(DefaultCacheAwareContextLoaderDelegate.java:116)
	at org.springframework.test.context.support.DefaultTestContext.getApplicationContext(DefaultTestContext.java:83)
	at org.springframework.test.context.web.ServletTestExecutionListener.setUpRequestContextIfNecessary(ServletTestExecutionListener.java:189)
	at org.springframework.test.context.web.ServletTestExecutionListener.prepareTestInstance(ServletTestExecutionListener.java:131)
	at org.springframework.test.context.TestContextManager.prepareTestInstance(TestContextManager.java:230)
	at org.springframework.test.context.junit4.SpringJUnit4ClassRunner.createTest(SpringJUnit4ClassRunner.java:228)
	at org.springframework.test.context.junit4.SpringJUnit4ClassRunner$1.runReflectiveCall(SpringJUnit4ClassRunner.java:287)
	at org.junit.internal.runners.model.ReflectiveCallable.run(ReflectiveCallable.java:12)
	at org.springframework.test.context.junit4.SpringJUnit4ClassRunner.methodBlock(SpringJUnit4ClassRunner.java:289)
	at org.springframework.test.context.junit4.SpringJUnit4ClassRunner.runChild(SpringJUnit4ClassRunner.java:247)
	at org.springframework.test.context.junit4.SpringJUnit4ClassRunner.runChild(SpringJUnit4ClassRunner.java:94)
	at org.junit.runners.ParentRunner$3.run(ParentRunner.java:290)
	at org.junit.runners.ParentRunner$1.schedule(ParentRunner.java:71)
	at org.junit.runners.ParentRunner.runChildren(ParentRunner.java:288)
	at org.junit.runners.ParentRunner.access$000(ParentRunner.java:58)
	at org.junit.runners.ParentRunner$2.evaluate(ParentRunner.java:268)
	at org.springframework.test.context.junit4.statements.RunBeforeTestClassCallbacks.evaluate(RunBeforeTestClassCallbacks.java:61)
	at org.springframework.test.context.junit4.statements.RunAfterTestClassCallbacks.evaluate(RunAfterTestClassCallbacks.java:70)
	at org.junit.runners.ParentRunner.run(ParentRunner.java:363)
	at org.springframework.test.context.junit4.SpringJUnit4ClassRunner.run(SpringJUnit4ClassRunner.java:191)
	at org.apache.maven.surefire.junit4.JUnit4Provider.execute(JUnit4Provider.java:283)
	at org.apache.maven.surefire.junit4.JUnit4Provider.executeWithRerun(JUnit4Provider.java:173)
	at org.apache.maven.surefire.junit4.JUnit4Provider.executeTestSet(JUnit4Provider.java:153)
	at org.apache.maven.surefire.junit4.JUnit4Provider.invoke(JUnit4Provider.java:128)
	at org.apache.maven.surefire.booter.ForkedBooter.invokeProviderInSameClassLoader(ForkedBooter.java:203)
	at org.apache.maven.surefire.booter.ForkedBooter.runSuitesInProcess(ForkedBooter.java:155)
	at org.apache.maven.surefire.booter.ForkedBooter.main(ForkedBooter.java:103)
Caused by: org.hibernate.MappingException: Composite-id class must implement Serializable: com.ving.ecommerce.users.model.UserAddress
	at org.hibernate.mapping.RootClass.checkCompositeIdentifier(RootClass.java:291)
	at org.hibernate.mapping.RootClass.validate(RootClass.java:274)
	at org.hibernate.boot.internal.MetadataImpl.validate(MetadataImpl.java:329)
	at org.hibernate.boot.internal.SessionFactoryBuilderImpl.build(SessionFactoryBuilderImpl.java:443)
	at org.hibernate.jpa.boot.internal.EntityManagerFactoryBuilderImpl.build(EntityManagerFactoryBuilderImpl.java:879)
	at org.springframework.orm.jpa.vendor.SpringHibernateJpaPersistenceProvider.createContainerEntityManagerFactory(SpringHibernateJpaPersistenceProvider.java:60)
	at org.springframework.orm.jpa.LocalContainerEntityManagerFactoryBean.createNativeEntityManagerFactory(LocalContainerEntityManagerFactoryBean.java:360)
	at org.springframework.orm.jpa.AbstractEntityManagerFactoryBean.buildNativeEntityManagerFactory(AbstractEntityManagerFactoryBean.java:384)
	at org.springframework.orm.jpa.AbstractEntityManagerFactoryBean.afterPropertiesSet(AbstractEntityManagerFactoryBean.java:371)
	at org.springframework.orm.jpa.LocalContainerEntityManagerFactoryBean.afterPropertiesSet(LocalContainerEntityManagerFactoryBean.java:336)
	at org.springframework.beans.factory.support.AbstractAutowireCapableBeanFactory.invokeInitMethods(AbstractAutowireCapableBeanFactory.java:1688)
	at org.springframework.beans.factory.support.AbstractAutowireCapableBeanFactory.initializeBean(AbstractAutowireCapableBeanFactory.java:1626)
	at org.springframework.beans.factory.support.AbstractAutowireCapableBeanFactory.doCreateBean(AbstractAutowireCapableBeanFactory.java:553)
	at org.springframework.beans.factory.support.AbstractAutowireCapableBeanFactory.createBean(AbstractAutowireCapableBeanFactory.java:481)
	at org.springframework.beans.factory.support.AbstractBeanFactory$1.getObject(AbstractBeanFactory.java:312)
	at org.springframework.beans.factory.support.DefaultSingletonBeanRegistry.getSingleton(DefaultSingletonBeanRegistry.java:230)
	at org.springframework.beans.factory.support.AbstractBeanFactory.doGetBean(AbstractBeanFactory.java:308)
	at org.springframework.beans.factory.support.AbstractBeanFactory.getBean(AbstractBeanFactory.java:197)
	at org.springframework.context.support.AbstractApplicationContext.getBean(AbstractApplicationContext.java:1082)
	at org.springframework.context.support.AbstractApplicationContext.finishBeanFactoryInitialization(AbstractApplicationContext.java:857)
	at org.springframework.context.support.AbstractApplicationContext.refresh(AbstractApplicationContext.java:542)
	at org.springframework.boot.SpringApplication.refresh(SpringApplication.java:693)
	at org.springframework.boot.SpringApplication.refreshContext(SpringApplication.java:360)
	at org.springframework.boot.SpringApplication.run(SpringApplication.java:303)
	at org.springframework.boot.test.context.SpringBootContextLoader.loadContext(SpringBootContextLoader.java:121)
	at org.springframework.test.context.cache.DefaultCacheAwareContextLoaderDelegate.loadContextInternal(DefaultCacheAwareContextLoaderDelegate.java:98)
	at org.springframework.test.context.cache.DefaultCacheAwareContextLoaderDelegate.loadContext(DefaultCacheAwareContextLoaderDelegate.java:116)
	at org.springframework.test.context.support.DefaultTestContext.getApplicationContext(DefaultTestContext.java:83)
	at org.springframework.test.context.web.ServletTestExecutionListener.setUpRequestContextIfNecessary(ServletTestExecutionListener.java:189)
	at org.springframework.test.context.web.ServletTestExecutionListener.prepareTestInstance(ServletTestExecutionListener.java:131)
	at org.springframework.test.context.TestContextManager.prepareTestInstance(TestContextManager.java:230)
	at org.springframework.test.context.junit4.SpringJUnit4ClassRunner.createTest(SpringJUnit4ClassRunner.java:228)
	at org.springframework.test.context.junit4.SpringJUnit4ClassRunner$1.runReflectiveCall(SpringJUnit4ClassRunner.java:287)
	at org.junit.internal.runners.model.ReflectiveCallable.run(ReflectiveCallable.java:12)
	at org.springframework.test.context.junit4.SpringJUnit4ClassRunner.methodBlock(SpringJUnit4ClassRunner.java:289)
	at org.springframework.test.context.junit4.SpringJUnit4ClassRunner.runChild(SpringJUnit4ClassRunner.java:247)
	at org.springframework.test.context.junit4.SpringJUnit4ClassRunner.runChild(SpringJUnit4ClassRunner.java:94)
	at org.junit.runners.ParentRunner$3.run(ParentRunner.java:290)
	at org.junit.runners.ParentRunner$1.schedule(ParentRunner.java:71)
	at org.junit.runners.ParentRunner.runChildren(ParentRunner.java:288)
	at org.junit.runners.ParentRunner.access$000(ParentRunner.java:58)
	at org.junit.runners.ParentRunner$2.evaluate(ParentRunner.java:268)
	at org.springframework.test.context.junit4.statements.RunBeforeTestClassCallbacks.evaluate(RunBeforeTestClassCallbacks.java:61)
	at org.springframework.test.context.junit4.statements.RunAfterTestClassCallbacks.evaluate(RunAfterTestClassCallbacks.java:70)
	at org.junit.runners.ParentRunner.run(ParentRunner.java:363)
	at org.springframework.test.context.junit4.SpringJUnit4ClassRunner.run(SpringJUnit4ClassRunner.java:191)
	at org.apache.maven.surefire.junit4.JUnit4Provider.execute(JUnit4Provider.java:283)
	at org.apache.maven.surefire.junit4.JUnit4Provider.executeWithRerun(JUnit4Provider.java:173)
	at org.apache.maven.surefire.junit4.JUnit4Provider.executeTestSet(JUnit4Provider.java:153)
	at org.apache.maven.surefire.junit4.JUnit4Provider.invoke(JUnit4Provider.java:128)
	at org.apache.maven.surefire.booter.ForkedBooter.invokeProviderInSameClassLoader(ForkedBooter.java:203)
	at org.apache.maven.surefire.booter.ForkedBooter.runSuitesInProcess(ForkedBooter.java:155)
	at org.apache.maven.surefire.booter.ForkedBooter.main(ForkedBooter.java:103)
</error>
    <system-out><![CDATA[16:30:43.662 [main] DEBUG org.springframework.test.context.junit4.SpringJUnit4ClassRunner - SpringJUnit4ClassRunner constructor called with [class com.ving.ecommerce.users.UsersApplicationTests]
16:30:43.678 [main] DEBUG org.springframework.test.context.BootstrapUtils - Instantiating CacheAwareContextLoaderDelegate from class [org.springframework.test.context.cache.DefaultCacheAwareContextLoaderDelegate]
16:30:43.700 [main] DEBUG org.springframework.test.context.BootstrapUtils - Instantiating BootstrapContext using constructor [public org.springframework.test.context.support.DefaultBootstrapContext(java.lang.Class,org.springframework.test.context.CacheAwareContextLoaderDelegate)]
16:30:43.743 [main] DEBUG org.springframework.test.context.BootstrapUtils - Instantiating TestContextBootstrapper for test class [com.ving.ecommerce.users.UsersApplicationTests] from class [org.springframework.boot.test.context.SpringBootTestContextBootstrapper]
16:30:43.765 [main] INFO org.springframework.boot.test.context.SpringBootTestContextBootstrapper - Neither @ContextConfiguration nor @ContextHierarchy found for test class [com.ving.ecommerce.users.UsersApplicationTests], using SpringBootContextLoader
16:30:43.769 [main] DEBUG org.springframework.test.context.support.AbstractContextLoader - Did not detect default resource location for test class [com.ving.ecommerce.users.UsersApplicationTests]: class path resource [com/ving/ecommerce/users/UsersApplicationTests-context.xml] does not exist
16:30:43.770 [main] DEBUG org.springframework.test.context.support.AbstractContextLoader - Did not detect default resource location for test class [com.ving.ecommerce.users.UsersApplicationTests]: class path resource [com/ving/ecommerce/users/UsersApplicationTestsContext.groovy] does not exist
16:30:43.771 [main] INFO org.springframework.test.context.support.AbstractContextLoader - Could not detect default resource locations for test class [com.ving.ecommerce.users.UsersApplicationTests]: no resource found for suffixes {-context.xml, Context.groovy}.
16:30:43.774 [main] INFO org.springframework.test.context.support.AnnotationConfigContextLoaderUtils - Could not detect default configuration classes for test class [com.ving.ecommerce.users.UsersApplicationTests]: UsersApplicationTests does not declare any static, non-private, non-final, nested classes annotated with @Configuration.
16:30:43.859 [main] DEBUG org.springframework.test.context.support.ActiveProfilesUtils - Could not find an 'annotation declaring class' for annotation type [org.springframework.test.context.ActiveProfiles] and class [com.ving.ecommerce.users.UsersApplicationTests]
16:30:43.877 [main] DEBUG org.springframework.core.env.StandardEnvironment - Adding PropertySource 'systemProperties' with lowest search precedence
16:30:43.880 [main] DEBUG org.springframework.core.env.StandardEnvironment - Adding PropertySource 'systemEnvironment' with lowest search precedence
16:30:43.884 [main] DEBUG org.springframework.core.env.StandardEnvironment - Initialized StandardEnvironment with PropertySources [MapPropertySource@1301664418 {name='systemProperties', properties={java.runtime.name=Java(TM) SE Runtime Environment, sun.boot.library.path=/Library/Java/JavaVirtualMachines/jdk1.8.0_171.jdk/Contents/Home/jre/lib, java.vm.version=25.171-b11, gopherProxySet=false, java.vm.vendor=Oracle Corporation, java.vendor.url=http://java.oracle.com/, path.separator=:, java.vm.name=Java HotSpot(TM) 64-Bit Server VM, file.encoding.pkg=sun.io, user.country=IN, sun.java.launcher=SUN_STANDARD, sun.os.patch.level=unknown, java.vm.specification.name=Java Virtual Machine Specification, user.dir=/Users/anmolgupta/Projects/UsersMicroService, java.runtime.version=1.8.0_171-b11, basedir=/Users/anmolgupta/Projects/UsersMicroService, java.awt.graphicsenv=sun.awt.CGraphicsEnvironment, java.endorsed.dirs=/Library/Java/JavaVirtualMachines/jdk1.8.0_171.jdk/Contents/Home/jre/lib/endorsed, os.arch=x86_64, surefire.real.class.path=/Users/anmolgupta/Projects/UsersMicroService/target/surefire/surefirebooter8281659676354775519.jar, java.io.tmpdir=/var/folders/18/5y90rp6d3zn3jd2q5pxbfg3w0000gn/T/, line.separator=
, java.vm.specification.vendor=Oracle Corporation, os.name=Mac OS X, sun.jnu.encoding=UTF-8, java.library.path=/Users/anmolgupta/Library/Java/Extensions:/Library/Java/Extensions:/Network/Library/Java/Extensions:/System/Library/Java/Extensions:/usr/lib/java:., surefire.test.class.path=/Users/anmolgupta/Projects/UsersMicroService/target/test-classes:/Users/anmolgupta/Projects/UsersMicroService/target/classes:/Users/anmolgupta/.m2/repository/org/springframework/boot/spring-boot-starter-data-jpa/1.5.21.RELEASE/spring-boot-starter-data-jpa-1.5.21.RELEASE.jar:/Users/anmolgupta/.m2/repository/org/springframework/boot/spring-boot-starter/1.5.21.RELEASE/spring-boot-starter-1.5.21.RELEASE.jar:/Users/anmolgupta/.m2/repository/org/springframework/boot/spring-boot/1.5.21.RELEASE/spring-boot-1.5.21.RELEASE.jar:/Users/anmolgupta/.m2/repository/org/springframework/boot/spring-boot-autoconfigure/1.5.21.RELEASE/spring-boot-autoconfigure-1.5.21.RELEASE.jar:/Users/anmolgupta/.m2/repository/org/springframework/boot/spring-boot-starter-logging/1.5.21.RELEASE/spring-boot-starter-logging-1.5.21.RELEASE.jar:/Users/anmolgupta/.m2/repository/ch/qos/logback/logback-classic/1.1.11/logback-classic-1.1.11.jar:/Users/anmolgupta/.m2/repository/ch/qos/logback/logback-core/1.1.11/logback-core-1.1.11.jar:/Users/anmolgupta/.m2/repository/org/slf4j/jul-to-slf4j/1.7.26/jul-to-slf4j-1.7.26.jar:/Users/anmolgupta/.m2/repository/org/slf4j/log4j-over-slf4j/1.7.26/log4j-over-slf4j-1.7.26.jar:/Users/anmolgupta/.m2/repository/org/yaml/snakeyaml/1.17/snakeyaml-1.17.jar:/Users/anmolgupta/.m2/repository/org/springframework/boot/spring-boot-starter-aop/1.5.21.RELEASE/spring-boot-starter-aop-1.5.21.RELEASE.jar:/Users/anmolgupta/.m2/repository/org/springframework/spring-aop/4.3.24.RELEASE/spring-aop-4.3.24.RELEASE.jar:/Users/anmolgupta/.m2/repository/org/aspectj/aspectjweaver/1.8.14/aspectjweaver-1.8.14.jar:/Users/anmolgupta/.m2/repository/org/springframework/boot/spring-boot-starter-jdbc/1.5.21.RELEASE/spring-boot-starter-jdbc-1.5.21.RELEASE.jar:/Users/anmolgupta/.m2/repository/org/apache/tomcat/tomcat-jdbc/8.5.40/tomcat-jdbc-8.5.40.jar:/Users/anmolgupta/.m2/repository/org/apache/tomcat/tomcat-juli/8.5.40/tomcat-juli-8.5.40.jar:/Users/anmolgupta/.m2/repository/org/springframework/spring-jdbc/4.3.24.RELEASE/spring-jdbc-4.3.24.RELEASE.jar:/Users/anmolgupta/.m2/repository/org/hibernate/hibernate-core/5.0.12.Final/hibernate-core-5.0.12.Final.jar:/Users/anmolgupta/.m2/repository/org/jboss/logging/jboss-logging/3.3.2.Final/jboss-logging-3.3.2.Final.jar:/Users/anmolgupta/.m2/repository/org/hibernate/javax/persistence/hibernate-jpa-2.1-api/1.0.0.Final/hibernate-jpa-2.1-api-1.0.0.Final.jar:/Users/anmolgupta/.m2/repository/org/javassist/javassist/3.21.0-GA/javassist-3.21.0-GA.jar:/Users/anmolgupta/.m2/repository/antlr/antlr/2.7.7/antlr-2.7.7.jar:/Users/anmolgupta/.m2/repository/org/jboss/jandex/2.0.0.Final/jandex-2.0.0.Final.jar:/Users/anmolgupta/.m2/repository/dom4j/dom4j/1.6.1/dom4j-1.6.1.jar:/Users/anmolgupta/.m2/repository/org/hibernate/common/hibernate-commons-annotations/5.0.1.Final/hibernate-commons-annotations-5.0.1.Final.jar:/Users/anmolgupta/.m2/repository/org/hibernate/hibernate-entitymanager/5.0.12.Final/hibernate-entitymanager-5.0.12.Final.jar:/Users/anmolgupta/.m2/repository/javax/transaction/javax.transaction-api/1.2/javax.transaction-api-1.2.jar:/Users/anmolgupta/.m2/repository/org/springframework/data/spring-data-jpa/1.11.22.RELEASE/spring-data-jpa-1.11.22.RELEASE.jar:/Users/anmolgupta/.m2/repository/org/springframework/data/spring-data-commons/1.13.22.RELEASE/spring-data-commons-1.13.22.RELEASE.jar:/Users/anmolgupta/.m2/repository/org/springframework/spring-orm/4.3.24.RELEASE/spring-orm-4.3.24.RELEASE.jar:/Users/anmolgupta/.m2/repository/org/springframework/spring-context/4.3.24.RELEASE/spring-context-4.3.24.RELEASE.jar:/Users/anmolgupta/.m2/repository/org/springframework/spring-tx/4.3.24.RELEASE/spring-tx-4.3.24.RELEASE.jar:/Users/anmolgupta/.m2/repository/org/springframework/spring-beans/4.3.24.RELEASE/spring-beans-4.3.24.RELEASE.jar:/Users/anmolgupta/.m2/repository/org/slf4j/slf4j-api/1.7.26/slf4j-api-1.7.26.jar:/Users/anmolgupta/.m2/repository/org/slf4j/jcl-over-slf4j/1.7.26/jcl-over-slf4j-1.7.26.jar:/Users/anmolgupta/.m2/repository/org/springframework/spring-aspects/4.3.24.RELEASE/spring-aspects-4.3.24.RELEASE.jar:/Users/anmolgupta/.m2/repository/org/springframework/boot/spring-boot-starter-web/1.5.21.RELEASE/spring-boot-starter-web-1.5.21.RELEASE.jar:/Users/anmolgupta/.m2/repository/org/springframework/boot/spring-boot-starter-tomcat/1.5.21.RELEASE/spring-boot-starter-tomcat-1.5.21.RELEASE.jar:/Users/anmolgupta/.m2/repository/org/apache/tomcat/embed/tomcat-embed-core/8.5.40/tomcat-embed-core-8.5.40.jar:/Users/anmolgupta/.m2/repository/org/apache/tomcat/tomcat-annotations-api/8.5.40/tomcat-annotations-api-8.5.40.jar:/Users/anmolgupta/.m2/repository/org/apache/tomcat/embed/tomcat-embed-el/8.5.40/tomcat-embed-el-8.5.40.jar:/Users/anmolgupta/.m2/repository/org/apache/tomcat/embed/tomcat-embed-websocket/8.5.40/tomcat-embed-websocket-8.5.40.jar:/Users/anmolgupta/.m2/repository/org/hibernate/hibernate-validator/5.3.6.Final/hibernate-validator-5.3.6.Final.jar:/Users/anmolgupta/.m2/repository/javax/validation/validation-api/1.1.0.Final/validation-api-1.1.0.Final.jar:/Users/anmolgupta/.m2/repository/com/fasterxml/classmate/1.3.4/classmate-1.3.4.jar:/Users/anmolgupta/.m2/repository/com/fasterxml/jackson/core/jackson-databind/2.8.11.3/jackson-databind-2.8.11.3.jar:/Users/anmolgupta/.m2/repository/com/fasterxml/jackson/core/jackson-annotations/2.8.0/jackson-annotations-2.8.0.jar:/Users/anmolgupta/.m2/repository/com/fasterxml/jackson/core/jackson-core/2.8.11/jackson-core-2.8.11.jar:/Users/anmolgupta/.m2/repository/org/springframework/spring-web/4.3.24.RELEASE/spring-web-4.3.24.RELEASE.jar:/Users/anmolgupta/.m2/repository/org/springframework/spring-webmvc/4.3.24.RELEASE/spring-webmvc-4.3.24.RELEASE.jar:/Users/anmolgupta/.m2/repository/org/springframework/spring-expression/4.3.24.RELEASE/spring-expression-4.3.24.RELEASE.jar:/Users/anmolgupta/.m2/repository/mysql/mysql-connector-java/5.1.47/mysql-connector-java-5.1.47.jar:/Users/anmolgupta/.m2/repository/org/springframework/boot/spring-boot-starter-test/1.5.21.RELEASE/spring-boot-starter-test-1.5.21.RELEASE.jar:/Users/anmolgupta/.m2/repository/org/springframework/boot/spring-boot-test/1.5.21.RELEASE/spring-boot-test-1.5.21.RELEASE.jar:/Users/anmolgupta/.m2/repository/org/springframework/boot/spring-boot-test-autoconfigure/1.5.21.RELEASE/spring-boot-test-autoconfigure-1.5.21.RELEASE.jar:/Users/anmolgupta/.m2/repository/com/jayway/jsonpath/json-path/2.2.0/json-path-2.2.0.jar:/Users/anmolgupta/.m2/repository/net/minidev/json-smart/2.2.1/json-smart-2.2.1.jar:/Users/anmolgupta/.m2/repository/net/minidev/accessors-smart/1.1/accessors-smart-1.1.jar:/Users/anmolgupta/.m2/repository/org/ow2/asm/asm/5.0.3/asm-5.0.3.jar:/Users/anmolgupta/.m2/repository/junit/junit/4.12/junit-4.12.jar:/Users/anmolgupta/.m2/repository/org/assertj/assertj-core/2.6.0/assertj-core-2.6.0.jar:/Users/anmolgupta/.m2/repository/org/mockito/mockito-core/1.10.19/mockito-core-1.10.19.jar:/Users/anmolgupta/.m2/repository/org/objenesis/objenesis/2.1/objenesis-2.1.jar:/Users/anmolgupta/.m2/repository/org/hamcrest/hamcrest-core/1.3/hamcrest-core-1.3.jar:/Users/anmolgupta/.m2/repository/org/hamcrest/hamcrest-library/1.3/hamcrest-library-1.3.jar:/Users/anmolgupta/.m2/repository/org/skyscreamer/jsonassert/1.4.0/jsonassert-1.4.0.jar:/Users/anmolgupta/.m2/repository/com/vaadin/external/google/android-json/0.0.20131108.vaadin1/android-json-0.0.20131108.vaadin1.jar:/Users/anmolgupta/.m2/repository/org/springframework/spring-core/4.3.24.RELEASE/spring-core-4.3.24.RELEASE.jar:/Users/anmolgupta/.m2/repository/org/springframework/spring-test/4.3.24.RELEASE/spring-test-4.3.24.RELEASE.jar:, java.specification.name=Java Platform API Specification, java.class.version=52.0, sun.management.compiler=HotSpot 64-Bit Tiered Compilers, os.version=10.14.5, http.nonProxyHosts=local|*.local|169.254/16|*.169.254/16, user.home=/Users/anmolgupta, user.timezone=Asia/Kolkata, java.awt.printerjob=sun.lwawt.macosx.CPrinterJob, file.encoding=US-ASCII, java.specification.version=1.8, java.class.path=/Users/anmolgupta/Projects/UsersMicroService/target/test-classes:/Users/anmolgupta/Projects/UsersMicroService/target/classes:/Users/anmolgupta/.m2/repository/org/springframework/boot/spring-boot-starter-data-jpa/1.5.21.RELEASE/spring-boot-starter-data-jpa-1.5.21.RELEASE.jar:/Users/anmolgupta/.m2/repository/org/springframework/boot/spring-boot-starter/1.5.21.RELEASE/spring-boot-starter-1.5.21.RELEASE.jar:/Users/anmolgupta/.m2/repository/org/springframework/boot/spring-boot/1.5.21.RELEASE/spring-boot-1.5.21.RELEASE.jar:/Users/anmolgupta/.m2/repository/org/springframework/boot/spring-boot-autoconfigure/1.5.21.RELEASE/spring-boot-autoconfigure-1.5.21.RELEASE.jar:/Users/anmolgupta/.m2/repository/org/springframework/boot/spring-boot-starter-logging/1.5.21.RELEASE/spring-boot-starter-logging-1.5.21.RELEASE.jar:/Users/anmolgupta/.m2/repository/ch/qos/logback/logback-classic/1.1.11/logback-classic-1.1.11.jar:/Users/anmolgupta/.m2/repository/ch/qos/logback/logback-core/1.1.11/logback-core-1.1.11.jar:/Users/anmolgupta/.m2/repository/org/slf4j/jul-to-slf4j/1.7.26/jul-to-slf4j-1.7.26.jar:/Users/anmolgupta/.m2/repository/org/slf4j/log4j-over-slf4j/1.7.26/log4j-over-slf4j-1.7.26.jar:/Users/anmolgupta/.m2/repository/org/yaml/snakeyaml/1.17/snakeyaml-1.17.jar:/Users/anmolgupta/.m2/repository/org/springframework/boot/spring-boot-starter-aop/1.5.21.RELEASE/spring-boot-starter-aop-1.5.21.RELEASE.jar:/Users/anmolgupta/.m2/repository/org/springframework/spring-aop/4.3.24.RELEASE/spring-aop-4.3.24.RELEASE.jar:/Users/anmolgupta/.m2/repository/org/aspectj/aspectjweaver/1.8.14/aspectjweaver-1.8.14.jar:/Users/anmolgupta/.m2/repository/org/springframework/boot/spring-boot-starter-jdbc/1.5.21.RELEASE/spring-boot-starter-jdbc-1.5.21.RELEASE.jar:/Users/anmolgupta/.m2/repository/org/apache/tomcat/tomcat-jdbc/8.5.40/tomcat-jdbc-8.5.40.jar:/Users/anmolgupta/.m2/repository/org/apache/tomcat/tomcat-juli/8.5.40/tomcat-juli-8.5.40.jar:/Users/anmolgupta/.m2/repository/org/springframework/spring-jdbc/4.3.24.RELEASE/spring-jdbc-4.3.24.RELEASE.jar:/Users/anmolgupta/.m2/repository/org/hibernate/hibernate-core/5.0.12.Final/hibernate-core-5.0.12.Final.jar:/Users/anmolgupta/.m2/repository/org/jboss/logging/jboss-logging/3.3.2.Final/jboss-logging-3.3.2.Final.jar:/Users/anmolgupta/.m2/repository/org/hibernate/javax/persistence/hibernate-jpa-2.1-api/1.0.0.Final/hibernate-jpa-2.1-api-1.0.0.Final.jar:/Users/anmolgupta/.m2/repository/org/javassist/javassist/3.21.0-GA/javassist-3.21.0-GA.jar:/Users/anmolgupta/.m2/repository/antlr/antlr/2.7.7/antlr-2.7.7.jar:/Users/anmolgupta/.m2/repository/org/jboss/jandex/2.0.0.Final/jandex-2.0.0.Final.jar:/Users/anmolgupta/.m2/repository/dom4j/dom4j/1.6.1/dom4j-1.6.1.jar:/Users/anmolgupta/.m2/repository/org/hibernate/common/hibernate-commons-annotations/5.0.1.Final/hibernate-commons-annotations-5.0.1.Final.jar:/Users/anmolgupta/.m2/repository/org/hibernate/hibernate-entitymanager/5.0.12.Final/hibernate-entitymanager-5.0.12.Final.jar:/Users/anmolgupta/.m2/repository/javax/transaction/javax.transaction-api/1.2/javax.transaction-api-1.2.jar:/Users/anmolgupta/.m2/repository/org/springframework/data/spring-data-jpa/1.11.22.RELEASE/spring-data-jpa-1.11.22.RELEASE.jar:/Users/anmolgupta/.m2/repository/org/springframework/data/spring-data-commons/1.13.22.RELEASE/spring-data-commons-1.13.22.RELEASE.jar:/Users/anmolgupta/.m2/repository/org/springframework/spring-orm/4.3.24.RELEASE/spring-orm-4.3.24.RELEASE.jar:/Users/anmolgupta/.m2/repository/org/springframework/spring-context/4.3.24.RELEASE/spring-context-4.3.24.RELEASE.jar:/Users/anmolgupta/.m2/repository/org/springframework/spring-tx/4.3.24.RELEASE/spring-tx-4.3.24.RELEASE.jar:/Users/anmolgupta/.m2/repository/org/springframework/spring-beans/4.3.24.RELEASE/spring-beans-4.3.24.RELEASE.jar:/Users/anmolgupta/.m2/repository/org/slf4j/slf4j-api/1.7.26/slf4j-api-1.7.26.jar:/Users/anmolgupta/.m2/repository/org/slf4j/jcl-over-slf4j/1.7.26/jcl-over-slf4j-1.7.26.jar:/Users/anmolgupta/.m2/repository/org/springframework/spring-aspects/4.3.24.RELEASE/spring-aspects-4.3.24.RELEASE.jar:/Users/anmolgupta/.m2/repository/org/springframework/boot/spring-boot-starter-web/1.5.21.RELEASE/spring-boot-starter-web-1.5.21.RELEASE.jar:/Users/anmolgupta/.m2/repository/org/springframework/boot/spring-boot-starter-tomcat/1.5.21.RELEASE/spring-boot-starter-tomcat-1.5.21.RELEASE.jar:/Users/anmolgupta/.m2/repository/org/apache/tomcat/embed/tomcat-embed-core/8.5.40/tomcat-embed-core-8.5.40.jar:/Users/anmolgupta/.m2/repository/org/apache/tomcat/tomcat-annotations-api/8.5.40/tomcat-annotations-api-8.5.40.jar:/Users/anmolgupta/.m2/repository/org/apache/tomcat/embed/tomcat-embed-el/8.5.40/tomcat-embed-el-8.5.40.jar:/Users/anmolgupta/.m2/repository/org/apache/tomcat/embed/tomcat-embed-websocket/8.5.40/tomcat-embed-websocket-8.5.40.jar:/Users/anmolgupta/.m2/repository/org/hibernate/hibernate-validator/5.3.6.Final/hibernate-validator-5.3.6.Final.jar:/Users/anmolgupta/.m2/repository/javax/validation/validation-api/1.1.0.Final/validation-api-1.1.0.Final.jar:/Users/anmolgupta/.m2/repository/com/fasterxml/classmate/1.3.4/classmate-1.3.4.jar:/Users/anmolgupta/.m2/repository/com/fasterxml/jackson/core/jackson-databind/2.8.11.3/jackson-databind-2.8.11.3.jar:/Users/anmolgupta/.m2/repository/com/fasterxml/jackson/core/jackson-annotations/2.8.0/jackson-annotations-2.8.0.jar:/Users/anmolgupta/.m2/repository/com/fasterxml/jackson/core/jackson-core/2.8.11/jackson-core-2.8.11.jar:/Users/anmolgupta/.m2/repository/org/springframework/spring-web/4.3.24.RELEASE/spring-web-4.3.24.RELEASE.jar:/Users/anmolgupta/.m2/repository/org/springframework/spring-webmvc/4.3.24.RELEASE/spring-webmvc-4.3.24.RELEASE.jar:/Users/anmolgupta/.m2/repository/org/springframework/spring-expression/4.3.24.RELEASE/spring-expression-4.3.24.RELEASE.jar:/Users/anmolgupta/.m2/repository/mysql/mysql-connector-java/5.1.47/mysql-connector-java-5.1.47.jar:/Users/anmolgupta/.m2/repository/org/springframework/boot/spring-boot-starter-test/1.5.21.RELEASE/spring-boot-starter-test-1.5.21.RELEASE.jar:/Users/anmolgupta/.m2/repository/org/springframework/boot/spring-boot-test/1.5.21.RELEASE/spring-boot-test-1.5.21.RELEASE.jar:/Users/anmolgupta/.m2/repository/org/springframework/boot/spring-boot-test-autoconfigure/1.5.21.RELEASE/spring-boot-test-autoconfigure-1.5.21.RELEASE.jar:/Users/anmolgupta/.m2/repository/com/jayway/jsonpath/json-path/2.2.0/json-path-2.2.0.jar:/Users/anmolgupta/.m2/repository/net/minidev/json-smart/2.2.1/json-smart-2.2.1.jar:/Users/anmolgupta/.m2/repository/net/minidev/accessors-smart/1.1/accessors-smart-1.1.jar:/Users/anmolgupta/.m2/repository/org/ow2/asm/asm/5.0.3/asm-5.0.3.jar:/Users/anmolgupta/.m2/repository/junit/junit/4.12/junit-4.12.jar:/Users/anmolgupta/.m2/repository/org/assertj/assertj-core/2.6.0/assertj-core-2.6.0.jar:/Users/anmolgupta/.m2/repository/org/mockito/mockito-core/1.10.19/mockito-core-1.10.19.jar:/Users/anmolgupta/.m2/repository/org/objenesis/objenesis/2.1/objenesis-2.1.jar:/Users/anmolgupta/.m2/repository/org/hamcrest/hamcrest-core/1.3/hamcrest-core-1.3.jar:/Users/anmolgupta/.m2/repository/org/hamcrest/hamcrest-library/1.3/hamcrest-library-1.3.jar:/Users/anmolgupta/.m2/repository/org/skyscreamer/jsonassert/1.4.0/jsonassert-1.4.0.jar:/Users/anmolgupta/.m2/repository/com/vaadin/external/google/android-json/0.0.20131108.vaadin1/android-json-0.0.20131108.vaadin1.jar:/Users/anmolgupta/.m2/repository/org/springframework/spring-core/4.3.24.RELEASE/spring-core-4.3.24.RELEASE.jar:/Users/anmolgupta/.m2/repository/org/springframework/spring-test/4.3.24.RELEASE/spring-test-4.3.24.RELEASE.jar:, user.name=anmolgupta, java.vm.specification.version=1.8, sun.java.command=/Users/anmolgupta/Projects/UsersMicroService/target/surefire/surefirebooter8281659676354775519.jar /Users/anmolgupta/Projects/UsersMicroService/target/surefire/surefire8790998929345736286tmp /Users/anmolgupta/Projects/UsersMicroService/target/surefire/surefire_05893683463607882870tmp, java.home=/Library/Java/JavaVirtualMachines/jdk1.8.0_171.jdk/Contents/Home/jre, sun.arch.data.model=64, user.language=en, java.specification.vendor=Oracle Corporation, awt.toolkit=sun.lwawt.macosx.LWCToolkit, java.vm.info=mixed mode, java.version=1.8.0_171, java.ext.dirs=/Users/anmolgupta/Library/Java/Extensions:/Library/Java/JavaVirtualMachines/jdk1.8.0_171.jdk/Contents/Home/jre/lib/ext:/Library/Java/Extensions:/Network/Library/Java/Extensions:/System/Library/Java/Extensions:/usr/lib/java, sun.boot.class.path=/Library/Java/JavaVirtualMachines/jdk1.8.0_171.jdk/Contents/Home/jre/lib/resources.jar:/Library/Java/JavaVirtualMachines/jdk1.8.0_171.jdk/Contents/Home/jre/lib/rt.jar:/Library/Java/JavaVirtualMachines/jdk1.8.0_171.jdk/Contents/Home/jre/lib/sunrsasign.jar:/Library/Java/JavaVirtualMachines/jdk1.8.0_171.jdk/Contents/Home/jre/lib/jsse.jar:/Library/Java/JavaVirtualMachines/jdk1.8.0_171.jdk/Contents/Home/jre/lib/jce.jar:/Library/Java/JavaVirtualMachines/jdk1.8.0_171.jdk/Contents/Home/jre/lib/charsets.jar:/Library/Java/JavaVirtualMachines/jdk1.8.0_171.jdk/Contents/Home/jre/lib/jfr.jar:/Library/Java/JavaVirtualMachines/jdk1.8.0_171.jdk/Contents/Home/jre/classes, java.vendor=Oracle Corporation, localRepository=/Users/anmolgupta/.m2/repository, file.separator=/, java.vendor.url.bug=http://bugreport.sun.com/bugreport/, sun.io.unicode.encoding=UnicodeBig, sun.cpu.endian=little, socksNonProxyHosts=local|*.local|169.254/16|*.169.254/16, ftp.nonProxyHosts=local|*.local|169.254/16|*.169.254/16, sun.cpu.isalist=}}, SystemEnvironmentPropertySource@1408652377 {name='systemEnvironment', properties={PATH=/usr/local/mysql/bin:/usr/local/opt/postgresql@9.6/bin:/usr/local/opt/maven@3.3/bin:/usr/local/bin:/usr/bin:/bin:/usr/sbin:/sbin, JAVA_HOME=/Library/Java/JavaVirtualMachines/jdk1.8.0_171.jdk/Contents/Home, JAVA_MAIN_CLASS_13802=org.codehaus.plexus.classworlds.launcher.Launcher, TERM=xterm-256color, LDFLAGS=-L/usr/local/opt/postgresql@9.6/lib, LOGNAME=anmolgupta, XPC_SERVICE_NAME=0, PWD=/Users/anmolgupta/Projects/UsersMicroService, MAVEN_CMD_LINE_ARGS= clean install, _=/Library/Java/JavaVirtualMachines/jdk1.8.0_171.jdk/Contents/Home/jre/bin/java, SHELL=/bin/bash, CPPFLAGS=-I/usr/local/opt/postgresql@9.6/include, LSCOLORS=GxFxCxDxBxegedabagaced, HOMEBREW_NO_AUTO_UPDATE=false, MAVEN_PROJECTBASEDIR=/Users/anmolgupta/Projects/UsersMicroService, OLDPWD=/Users/anmolgupta/Projects/UsersMicroService, USER=anmolgupta, CLICOLOR=1, JAVA_MAIN_CLASS_13817=org.apache.maven.surefire.booter.ForkedBooter, TMPDIR=/var/folders/18/5y90rp6d3zn3jd2q5pxbfg3w0000gn/T/, SSH_AUTH_SOCK=/private/tmp/com.apple.launchd.tdiiWsiMLg/Listeners, XPC_FLAGS=0x0, __CF_USER_TEXT_ENCODING=0x1F5:0x0:0x0, Apple_PubSub_Socket_Render=/private/tmp/com.apple.launchd.lD3iO0RntF/Render, LC_CTYPE=en_IN.UTF-8, HOME=/Users/anmolgupta, SHLVL=2}}]
16:30:43.971 [main] DEBUG org.springframework.core.io.support.PathMatchingResourcePatternResolver - Resolved classpath location [com/ving/ecommerce/users/] to resources [URL [file:/Users/anmolgupta/Projects/UsersMicroService/target/test-classes/com/ving/ecommerce/users/], URL [file:/Users/anmolgupta/Projects/UsersMicroService/target/classes/com/ving/ecommerce/users/]]
16:30:43.973 [main] DEBUG org.springframework.core.io.support.PathMatchingResourcePatternResolver - Looking for matching resources in directory tree [/Users/anmolgupta/Projects/UsersMicroService/target/test-classes/com/ving/ecommerce/users]
16:30:43.973 [main] DEBUG org.springframework.core.io.support.PathMatchingResourcePatternResolver - Searching directory [/Users/anmolgupta/Projects/UsersMicroService/target/test-classes/com/ving/ecommerce/users] for files matching pattern [/Users/anmolgupta/Projects/UsersMicroService/target/test-classes/com/ving/ecommerce/users/*.class]
16:30:43.980 [main] DEBUG org.springframework.core.io.support.PathMatchingResourcePatternResolver - Looking for matching resources in directory tree [/Users/anmolgupta/Projects/UsersMicroService/target/classes/com/ving/ecommerce/users]
16:30:43.982 [main] DEBUG org.springframework.core.io.support.PathMatchingResourcePatternResolver - Searching directory [/Users/anmolgupta/Projects/UsersMicroService/target/classes/com/ving/ecommerce/users] for files matching pattern [/Users/anmolgupta/Projects/UsersMicroService/target/classes/com/ving/ecommerce/users/*.class]
16:30:43.986 [main] DEBUG org.springframework.core.io.support.PathMatchingResourcePatternResolver - Resolved location pattern [classpath*:com/ving/ecommerce/users/*.class] to resources [file [/Users/anmolgupta/Projects/UsersMicroService/target/test-classes/com/ving/ecommerce/users/UsersApplicationTests.class], file [/Users/anmolgupta/Projects/UsersMicroService/target/classes/com/ving/ecommerce/users/UsersApplication.class]]
16:30:44.107 [main] DEBUG org.springframework.context.annotation.ClassPathScanningCandidateComponentProvider - Identified candidate component class: file [/Users/anmolgupta/Projects/UsersMicroService/target/classes/com/ving/ecommerce/users/UsersApplication.class]
16:30:44.109 [main] INFO org.springframework.boot.test.context.SpringBootTestContextBootstrapper - Found @SpringBootConfiguration com.ving.ecommerce.users.UsersApplication for test class com.ving.ecommerce.users.UsersApplicationTests
16:30:44.119 [main] DEBUG org.springframework.boot.test.context.SpringBootTestContextBootstrapper - @TestExecutionListeners is not present for class [com.ving.ecommerce.users.UsersApplicationTests]: using defaults.
16:30:44.127 [main] INFO org.springframework.boot.test.context.SpringBootTestContextBootstrapper - Loaded default TestExecutionListener class names from location [META-INF/spring.factories]: [org.springframework.boot.test.mock.mockito.MockitoTestExecutionListener, org.springframework.boot.test.mock.mockito.ResetMocksTestExecutionListener, org.springframework.boot.test.autoconfigure.restdocs.RestDocsTestExecutionListener, org.springframework.boot.test.autoconfigure.web.client.MockRestServiceServerResetTestExecutionListener, org.springframework.boot.test.autoconfigure.web.servlet.MockMvcPrintOnlyOnFailureTestExecutionListener, org.springframework.boot.test.autoconfigure.web.servlet.WebDriverTestExecutionListener, org.springframework.test.context.web.ServletTestExecutionListener, org.springframework.test.context.support.DirtiesContextBeforeModesTestExecutionListener, org.springframework.test.context.support.DependencyInjectionTestExecutionListener, org.springframework.test.context.support.DirtiesContextTestExecutionListener, org.springframework.test.context.transaction.TransactionalTestExecutionListener, org.springframework.test.context.jdbc.SqlScriptsTestExecutionListener]
16:30:44.180 [main] INFO org.springframework.boot.test.context.SpringBootTestContextBootstrapper - Using TestExecutionListeners: [org.springframework.test.context.web.ServletTestExecutionListener@120d6fe6, org.springframework.test.context.support.DirtiesContextBeforeModesTestExecutionListener@4ba2ca36, org.springframework.boot.test.mock.mockito.MockitoTestExecutionListener@3444d69d, org.springframework.boot.test.autoconfigure.SpringBootDependencyInjectionTestExecutionListener@1372ed45, org.springframework.test.context.support.DirtiesContextTestExecutionListener@6a79c292, org.springframework.test.context.transaction.TransactionalTestExecutionListener@37574691, org.springframework.test.context.jdbc.SqlScriptsTestExecutionListener@25359ed8, org.springframework.boot.test.mock.mockito.ResetMocksTestExecutionListener@21a947fe, org.springframework.boot.test.autoconfigure.restdocs.RestDocsTestExecutionListener@5606c0b, org.springframework.boot.test.autoconfigure.web.client.MockRestServiceServerResetTestExecutionListener@80ec1f8, org.springframework.boot.test.autoconfigure.web.servlet.MockMvcPrintOnlyOnFailureTestExecutionListener@1445d7f, org.springframework.boot.test.autoconfigure.web.servlet.WebDriverTestExecutionListener@6a396c1e]
16:30:44.184 [main] DEBUG org.springframework.test.annotation.ProfileValueUtils - Retrieved @ProfileValueSourceConfiguration [null] for test class [com.ving.ecommerce.users.UsersApplicationTests]
16:30:44.186 [main] DEBUG org.springframework.test.annotation.ProfileValueUtils - Retrieved ProfileValueSource type [class org.springframework.test.annotation.SystemProfileValueSource] for class [com.ving.ecommerce.users.UsersApplicationTests]
16:30:44.191 [main] DEBUG org.springframework.test.context.junit4.SpringJUnit4ClassRunner - SpringJUnit4ClassRunner constructor called with [class com.ving.ecommerce.users.UsersApplicationTests]
16:30:44.192 [main] DEBUG org.springframework.test.context.BootstrapUtils - Instantiating CacheAwareContextLoaderDelegate from class [org.springframework.test.context.cache.DefaultCacheAwareContextLoaderDelegate]
16:30:44.192 [main] DEBUG org.springframework.test.context.BootstrapUtils - Instantiating BootstrapContext using constructor [public org.springframework.test.context.support.DefaultBootstrapContext(java.lang.Class,org.springframework.test.context.CacheAwareContextLoaderDelegate)]
16:30:44.193 [main] DEBUG org.springframework.test.context.BootstrapUtils - Instantiating TestContextBootstrapper for test class [com.ving.ecommerce.users.UsersApplicationTests] from class [org.springframework.boot.test.context.SpringBootTestContextBootstrapper]
16:30:44.194 [main] INFO org.springframework.boot.test.context.SpringBootTestContextBootstrapper - Neither @ContextConfiguration nor @ContextHierarchy found for test class [com.ving.ecommerce.users.UsersApplicationTests], using SpringBootContextLoader
16:30:44.195 [main] DEBUG org.springframework.test.context.support.AbstractContextLoader - Did not detect default resource location for test class [com.ving.ecommerce.users.UsersApplicationTests]: class path resource [com/ving/ecommerce/users/UsersApplicationTests-context.xml] does not exist
16:30:44.196 [main] DEBUG org.springframework.test.context.support.AbstractContextLoader - Did not detect default resource location for test class [com.ving.ecommerce.users.UsersApplicationTests]: class path resource [com/ving/ecommerce/users/UsersApplicationTestsContext.groovy] does not exist
16:30:44.196 [main] INFO org.springframework.test.context.support.AbstractContextLoader - Could not detect default resource locations for test class [com.ving.ecommerce.users.UsersApplicationTests]: no resource found for suffixes {-context.xml, Context.groovy}.
16:30:44.197 [main] INFO org.springframework.test.context.support.AnnotationConfigContextLoaderUtils - Could not detect default configuration classes for test class [com.ving.ecommerce.users.UsersApplicationTests]: UsersApplicationTests does not declare any static, non-private, non-final, nested classes annotated with @Configuration.
16:30:44.216 [main] DEBUG org.springframework.test.context.support.ActiveProfilesUtils - Could not find an 'annotation declaring class' for annotation type [org.springframework.test.context.ActiveProfiles] and class [com.ving.ecommerce.users.UsersApplicationTests]
16:30:44.216 [main] DEBUG org.springframework.core.env.StandardEnvironment - Adding PropertySource 'systemProperties' with lowest search precedence
16:30:44.217 [main] DEBUG org.springframework.core.env.StandardEnvironment - Adding PropertySource 'systemEnvironment' with lowest search precedence
16:30:44.218 [main] DEBUG org.springframework.core.env.StandardEnvironment - Initialized StandardEnvironment with PropertySources [MapPropertySource@1935972447 {name='systemProperties', properties={java.runtime.name=Java(TM) SE Runtime Environment, sun.boot.library.path=/Library/Java/JavaVirtualMachines/jdk1.8.0_171.jdk/Contents/Home/jre/lib, java.vm.version=25.171-b11, gopherProxySet=false, java.vm.vendor=Oracle Corporation, java.vendor.url=http://java.oracle.com/, path.separator=:, java.vm.name=Java HotSpot(TM) 64-Bit Server VM, file.encoding.pkg=sun.io, user.country=IN, sun.java.launcher=SUN_STANDARD, sun.os.patch.level=unknown, java.vm.specification.name=Java Virtual Machine Specification, user.dir=/Users/anmolgupta/Projects/UsersMicroService, java.runtime.version=1.8.0_171-b11, basedir=/Users/anmolgupta/Projects/UsersMicroService, java.awt.graphicsenv=sun.awt.CGraphicsEnvironment, java.endorsed.dirs=/Library/Java/JavaVirtualMachines/jdk1.8.0_171.jdk/Contents/Home/jre/lib/endorsed, os.arch=x86_64, surefire.real.class.path=/Users/anmolgupta/Projects/UsersMicroService/target/surefire/surefirebooter8281659676354775519.jar, java.io.tmpdir=/var/folders/18/5y90rp6d3zn3jd2q5pxbfg3w0000gn/T/, line.separator=
, java.vm.specification.vendor=Oracle Corporation, os.name=Mac OS X, sun.jnu.encoding=UTF-8, java.library.path=/Users/anmolgupta/Library/Java/Extensions:/Library/Java/Extensions:/Network/Library/Java/Extensions:/System/Library/Java/Extensions:/usr/lib/java:., surefire.test.class.path=/Users/anmolgupta/Projects/UsersMicroService/target/test-classes:/Users/anmolgupta/Projects/UsersMicroService/target/classes:/Users/anmolgupta/.m2/repository/org/springframework/boot/spring-boot-starter-data-jpa/1.5.21.RELEASE/spring-boot-starter-data-jpa-1.5.21.RELEASE.jar:/Users/anmolgupta/.m2/repository/org/springframework/boot/spring-boot-starter/1.5.21.RELEASE/spring-boot-starter-1.5.21.RELEASE.jar:/Users/anmolgupta/.m2/repository/org/springframework/boot/spring-boot/1.5.21.RELEASE/spring-boot-1.5.21.RELEASE.jar:/Users/anmolgupta/.m2/repository/org/springframework/boot/spring-boot-autoconfigure/1.5.21.RELEASE/spring-boot-autoconfigure-1.5.21.RELEASE.jar:/Users/anmolgupta/.m2/repository/org/springframework/boot/spring-boot-starter-logging/1.5.21.RELEASE/spring-boot-starter-logging-1.5.21.RELEASE.jar:/Users/anmolgupta/.m2/repository/ch/qos/logback/logback-classic/1.1.11/logback-classic-1.1.11.jar:/Users/anmolgupta/.m2/repository/ch/qos/logback/logback-core/1.1.11/logback-core-1.1.11.jar:/Users/anmolgupta/.m2/repository/org/slf4j/jul-to-slf4j/1.7.26/jul-to-slf4j-1.7.26.jar:/Users/anmolgupta/.m2/repository/org/slf4j/log4j-over-slf4j/1.7.26/log4j-over-slf4j-1.7.26.jar:/Users/anmolgupta/.m2/repository/org/yaml/snakeyaml/1.17/snakeyaml-1.17.jar:/Users/anmolgupta/.m2/repository/org/springframework/boot/spring-boot-starter-aop/1.5.21.RELEASE/spring-boot-starter-aop-1.5.21.RELEASE.jar:/Users/anmolgupta/.m2/repository/org/springframework/spring-aop/4.3.24.RELEASE/spring-aop-4.3.24.RELEASE.jar:/Users/anmolgupta/.m2/repository/org/aspectj/aspectjweaver/1.8.14/aspectjweaver-1.8.14.jar:/Users/anmolgupta/.m2/repository/org/springframework/boot/spring-boot-starter-jdbc/1.5.21.RELEASE/spring-boot-starter-jdbc-1.5.21.RELEASE.jar:/Users/anmolgupta/.m2/repository/org/apache/tomcat/tomcat-jdbc/8.5.40/tomcat-jdbc-8.5.40.jar:/Users/anmolgupta/.m2/repository/org/apache/tomcat/tomcat-juli/8.5.40/tomcat-juli-8.5.40.jar:/Users/anmolgupta/.m2/repository/org/springframework/spring-jdbc/4.3.24.RELEASE/spring-jdbc-4.3.24.RELEASE.jar:/Users/anmolgupta/.m2/repository/org/hibernate/hibernate-core/5.0.12.Final/hibernate-core-5.0.12.Final.jar:/Users/anmolgupta/.m2/repository/org/jboss/logging/jboss-logging/3.3.2.Final/jboss-logging-3.3.2.Final.jar:/Users/anmolgupta/.m2/repository/org/hibernate/javax/persistence/hibernate-jpa-2.1-api/1.0.0.Final/hibernate-jpa-2.1-api-1.0.0.Final.jar:/Users/anmolgupta/.m2/repository/org/javassist/javassist/3.21.0-GA/javassist-3.21.0-GA.jar:/Users/anmolgupta/.m2/repository/antlr/antlr/2.7.7/antlr-2.7.7.jar:/Users/anmolgupta/.m2/repository/org/jboss/jandex/2.0.0.Final/jandex-2.0.0.Final.jar:/Users/anmolgupta/.m2/repository/dom4j/dom4j/1.6.1/dom4j-1.6.1.jar:/Users/anmolgupta/.m2/repository/org/hibernate/common/hibernate-commons-annotations/5.0.1.Final/hibernate-commons-annotations-5.0.1.Final.jar:/Users/anmolgupta/.m2/repository/org/hibernate/hibernate-entitymanager/5.0.12.Final/hibernate-entitymanager-5.0.12.Final.jar:/Users/anmolgupta/.m2/repository/javax/transaction/javax.transaction-api/1.2/javax.transaction-api-1.2.jar:/Users/anmolgupta/.m2/repository/org/springframework/data/spring-data-jpa/1.11.22.RELEASE/spring-data-jpa-1.11.22.RELEASE.jar:/Users/anmolgupta/.m2/repository/org/springframework/data/spring-data-commons/1.13.22.RELEASE/spring-data-commons-1.13.22.RELEASE.jar:/Users/anmolgupta/.m2/repository/org/springframework/spring-orm/4.3.24.RELEASE/spring-orm-4.3.24.RELEASE.jar:/Users/anmolgupta/.m2/repository/org/springframework/spring-context/4.3.24.RELEASE/spring-context-4.3.24.RELEASE.jar:/Users/anmolgupta/.m2/repository/org/springframework/spring-tx/4.3.24.RELEASE/spring-tx-4.3.24.RELEASE.jar:/Users/anmolgupta/.m2/repository/org/springframework/spring-beans/4.3.24.RELEASE/spring-beans-4.3.24.RELEASE.jar:/Users/anmolgupta/.m2/repository/org/slf4j/slf4j-api/1.7.26/slf4j-api-1.7.26.jar:/Users/anmolgupta/.m2/repository/org/slf4j/jcl-over-slf4j/1.7.26/jcl-over-slf4j-1.7.26.jar:/Users/anmolgupta/.m2/repository/org/springframework/spring-aspects/4.3.24.RELEASE/spring-aspects-4.3.24.RELEASE.jar:/Users/anmolgupta/.m2/repository/org/springframework/boot/spring-boot-starter-web/1.5.21.RELEASE/spring-boot-starter-web-1.5.21.RELEASE.jar:/Users/anmolgupta/.m2/repository/org/springframework/boot/spring-boot-starter-tomcat/1.5.21.RELEASE/spring-boot-starter-tomcat-1.5.21.RELEASE.jar:/Users/anmolgupta/.m2/repository/org/apache/tomcat/embed/tomcat-embed-core/8.5.40/tomcat-embed-core-8.5.40.jar:/Users/anmolgupta/.m2/repository/org/apache/tomcat/tomcat-annotations-api/8.5.40/tomcat-annotations-api-8.5.40.jar:/Users/anmolgupta/.m2/repository/org/apache/tomcat/embed/tomcat-embed-el/8.5.40/tomcat-embed-el-8.5.40.jar:/Users/anmolgupta/.m2/repository/org/apache/tomcat/embed/tomcat-embed-websocket/8.5.40/tomcat-embed-websocket-8.5.40.jar:/Users/anmolgupta/.m2/repository/org/hibernate/hibernate-validator/5.3.6.Final/hibernate-validator-5.3.6.Final.jar:/Users/anmolgupta/.m2/repository/javax/validation/validation-api/1.1.0.Final/validation-api-1.1.0.Final.jar:/Users/anmolgupta/.m2/repository/com/fasterxml/classmate/1.3.4/classmate-1.3.4.jar:/Users/anmolgupta/.m2/repository/com/fasterxml/jackson/core/jackson-databind/2.8.11.3/jackson-databind-2.8.11.3.jar:/Users/anmolgupta/.m2/repository/com/fasterxml/jackson/core/jackson-annotations/2.8.0/jackson-annotations-2.8.0.jar:/Users/anmolgupta/.m2/repository/com/fasterxml/jackson/core/jackson-core/2.8.11/jackson-core-2.8.11.jar:/Users/anmolgupta/.m2/repository/org/springframework/spring-web/4.3.24.RELEASE/spring-web-4.3.24.RELEASE.jar:/Users/anmolgupta/.m2/repository/org/springframework/spring-webmvc/4.3.24.RELEASE/spring-webmvc-4.3.24.RELEASE.jar:/Users/anmolgupta/.m2/repository/org/springframework/spring-expression/4.3.24.RELEASE/spring-expression-4.3.24.RELEASE.jar:/Users/anmolgupta/.m2/repository/mysql/mysql-connector-java/5.1.47/mysql-connector-java-5.1.47.jar:/Users/anmolgupta/.m2/repository/org/springframework/boot/spring-boot-starter-test/1.5.21.RELEASE/spring-boot-starter-test-1.5.21.RELEASE.jar:/Users/anmolgupta/.m2/repository/org/springframework/boot/spring-boot-test/1.5.21.RELEASE/spring-boot-test-1.5.21.RELEASE.jar:/Users/anmolgupta/.m2/repository/org/springframework/boot/spring-boot-test-autoconfigure/1.5.21.RELEASE/spring-boot-test-autoconfigure-1.5.21.RELEASE.jar:/Users/anmolgupta/.m2/repository/com/jayway/jsonpath/json-path/2.2.0/json-path-2.2.0.jar:/Users/anmolgupta/.m2/repository/net/minidev/json-smart/2.2.1/json-smart-2.2.1.jar:/Users/anmolgupta/.m2/repository/net/minidev/accessors-smart/1.1/accessors-smart-1.1.jar:/Users/anmolgupta/.m2/repository/org/ow2/asm/asm/5.0.3/asm-5.0.3.jar:/Users/anmolgupta/.m2/repository/junit/junit/4.12/junit-4.12.jar:/Users/anmolgupta/.m2/repository/org/assertj/assertj-core/2.6.0/assertj-core-2.6.0.jar:/Users/anmolgupta/.m2/repository/org/mockito/mockito-core/1.10.19/mockito-core-1.10.19.jar:/Users/anmolgupta/.m2/repository/org/objenesis/objenesis/2.1/objenesis-2.1.jar:/Users/anmolgupta/.m2/repository/org/hamcrest/hamcrest-core/1.3/hamcrest-core-1.3.jar:/Users/anmolgupta/.m2/repository/org/hamcrest/hamcrest-library/1.3/hamcrest-library-1.3.jar:/Users/anmolgupta/.m2/repository/org/skyscreamer/jsonassert/1.4.0/jsonassert-1.4.0.jar:/Users/anmolgupta/.m2/repository/com/vaadin/external/google/android-json/0.0.20131108.vaadin1/android-json-0.0.20131108.vaadin1.jar:/Users/anmolgupta/.m2/repository/org/springframework/spring-core/4.3.24.RELEASE/spring-core-4.3.24.RELEASE.jar:/Users/anmolgupta/.m2/repository/org/springframework/spring-test/4.3.24.RELEASE/spring-test-4.3.24.RELEASE.jar:, java.specification.name=Java Platform API Specification, java.class.version=52.0, sun.management.compiler=HotSpot 64-Bit Tiered Compilers, os.version=10.14.5, http.nonProxyHosts=local|*.local|169.254/16|*.169.254/16, user.home=/Users/anmolgupta, user.timezone=Asia/Kolkata, java.awt.printerjob=sun.lwawt.macosx.CPrinterJob, file.encoding=US-ASCII, java.specification.version=1.8, java.class.path=/Users/anmolgupta/Projects/UsersMicroService/target/test-classes:/Users/anmolgupta/Projects/UsersMicroService/target/classes:/Users/anmolgupta/.m2/repository/org/springframework/boot/spring-boot-starter-data-jpa/1.5.21.RELEASE/spring-boot-starter-data-jpa-1.5.21.RELEASE.jar:/Users/anmolgupta/.m2/repository/org/springframework/boot/spring-boot-starter/1.5.21.RELEASE/spring-boot-starter-1.5.21.RELEASE.jar:/Users/anmolgupta/.m2/repository/org/springframework/boot/spring-boot/1.5.21.RELEASE/spring-boot-1.5.21.RELEASE.jar:/Users/anmolgupta/.m2/repository/org/springframework/boot/spring-boot-autoconfigure/1.5.21.RELEASE/spring-boot-autoconfigure-1.5.21.RELEASE.jar:/Users/anmolgupta/.m2/repository/org/springframework/boot/spring-boot-starter-logging/1.5.21.RELEASE/spring-boot-starter-logging-1.5.21.RELEASE.jar:/Users/anmolgupta/.m2/repository/ch/qos/logback/logback-classic/1.1.11/logback-classic-1.1.11.jar:/Users/anmolgupta/.m2/repository/ch/qos/logback/logback-core/1.1.11/logback-core-1.1.11.jar:/Users/anmolgupta/.m2/repository/org/slf4j/jul-to-slf4j/1.7.26/jul-to-slf4j-1.7.26.jar:/Users/anmolgupta/.m2/repository/org/slf4j/log4j-over-slf4j/1.7.26/log4j-over-slf4j-1.7.26.jar:/Users/anmolgupta/.m2/repository/org/yaml/snakeyaml/1.17/snakeyaml-1.17.jar:/Users/anmolgupta/.m2/repository/org/springframework/boot/spring-boot-starter-aop/1.5.21.RELEASE/spring-boot-starter-aop-1.5.21.RELEASE.jar:/Users/anmolgupta/.m2/repository/org/springframework/spring-aop/4.3.24.RELEASE/spring-aop-4.3.24.RELEASE.jar:/Users/anmolgupta/.m2/repository/org/aspectj/aspectjweaver/1.8.14/aspectjweaver-1.8.14.jar:/Users/anmolgupta/.m2/repository/org/springframework/boot/spring-boot-starter-jdbc/1.5.21.RELEASE/spring-boot-starter-jdbc-1.5.21.RELEASE.jar:/Users/anmolgupta/.m2/repository/org/apache/tomcat/tomcat-jdbc/8.5.40/tomcat-jdbc-8.5.40.jar:/Users/anmolgupta/.m2/repository/org/apache/tomcat/tomcat-juli/8.5.40/tomcat-juli-8.5.40.jar:/Users/anmolgupta/.m2/repository/org/springframework/spring-jdbc/4.3.24.RELEASE/spring-jdbc-4.3.24.RELEASE.jar:/Users/anmolgupta/.m2/repository/org/hibernate/hibernate-core/5.0.12.Final/hibernate-core-5.0.12.Final.jar:/Users/anmolgupta/.m2/repository/org/jboss/logging/jboss-logging/3.3.2.Final/jboss-logging-3.3.2.Final.jar:/Users/anmolgupta/.m2/repository/org/hibernate/javax/persistence/hibernate-jpa-2.1-api/1.0.0.Final/hibernate-jpa-2.1-api-1.0.0.Final.jar:/Users/anmolgupta/.m2/repository/org/javassist/javassist/3.21.0-GA/javassist-3.21.0-GA.jar:/Users/anmolgupta/.m2/repository/antlr/antlr/2.7.7/antlr-2.7.7.jar:/Users/anmolgupta/.m2/repository/org/jboss/jandex/2.0.0.Final/jandex-2.0.0.Final.jar:/Users/anmolgupta/.m2/repository/dom4j/dom4j/1.6.1/dom4j-1.6.1.jar:/Users/anmolgupta/.m2/repository/org/hibernate/common/hibernate-commons-annotations/5.0.1.Final/hibernate-commons-annotations-5.0.1.Final.jar:/Users/anmolgupta/.m2/repository/org/hibernate/hibernate-entitymanager/5.0.12.Final/hibernate-entitymanager-5.0.12.Final.jar:/Users/anmolgupta/.m2/repository/javax/transaction/javax.transaction-api/1.2/javax.transaction-api-1.2.jar:/Users/anmolgupta/.m2/repository/org/springframework/data/spring-data-jpa/1.11.22.RELEASE/spring-data-jpa-1.11.22.RELEASE.jar:/Users/anmolgupta/.m2/repository/org/springframework/data/spring-data-commons/1.13.22.RELEASE/spring-data-commons-1.13.22.RELEASE.jar:/Users/anmolgupta/.m2/repository/org/springframework/spring-orm/4.3.24.RELEASE/spring-orm-4.3.24.RELEASE.jar:/Users/anmolgupta/.m2/repository/org/springframework/spring-context/4.3.24.RELEASE/spring-context-4.3.24.RELEASE.jar:/Users/anmolgupta/.m2/repository/org/springframework/spring-tx/4.3.24.RELEASE/spring-tx-4.3.24.RELEASE.jar:/Users/anmolgupta/.m2/repository/org/springframework/spring-beans/4.3.24.RELEASE/spring-beans-4.3.24.RELEASE.jar:/Users/anmolgupta/.m2/repository/org/slf4j/slf4j-api/1.7.26/slf4j-api-1.7.26.jar:/Users/anmolgupta/.m2/repository/org/slf4j/jcl-over-slf4j/1.7.26/jcl-over-slf4j-1.7.26.jar:/Users/anmolgupta/.m2/repository/org/springframework/spring-aspects/4.3.24.RELEASE/spring-aspects-4.3.24.RELEASE.jar:/Users/anmolgupta/.m2/repository/org/springframework/boot/spring-boot-starter-web/1.5.21.RELEASE/spring-boot-starter-web-1.5.21.RELEASE.jar:/Users/anmolgupta/.m2/repository/org/springframework/boot/spring-boot-starter-tomcat/1.5.21.RELEASE/spring-boot-starter-tomcat-1.5.21.RELEASE.jar:/Users/anmolgupta/.m2/repository/org/apache/tomcat/embed/tomcat-embed-core/8.5.40/tomcat-embed-core-8.5.40.jar:/Users/anmolgupta/.m2/repository/org/apache/tomcat/tomcat-annotations-api/8.5.40/tomcat-annotations-api-8.5.40.jar:/Users/anmolgupta/.m2/repository/org/apache/tomcat/embed/tomcat-embed-el/8.5.40/tomcat-embed-el-8.5.40.jar:/Users/anmolgupta/.m2/repository/org/apache/tomcat/embed/tomcat-embed-websocket/8.5.40/tomcat-embed-websocket-8.5.40.jar:/Users/anmolgupta/.m2/repository/org/hibernate/hibernate-validator/5.3.6.Final/hibernate-validator-5.3.6.Final.jar:/Users/anmolgupta/.m2/repository/javax/validation/validation-api/1.1.0.Final/validation-api-1.1.0.Final.jar:/Users/anmolgupta/.m2/repository/com/fasterxml/classmate/1.3.4/classmate-1.3.4.jar:/Users/anmolgupta/.m2/repository/com/fasterxml/jackson/core/jackson-databind/2.8.11.3/jackson-databind-2.8.11.3.jar:/Users/anmolgupta/.m2/repository/com/fasterxml/jackson/core/jackson-annotations/2.8.0/jackson-annotations-2.8.0.jar:/Users/anmolgupta/.m2/repository/com/fasterxml/jackson/core/jackson-core/2.8.11/jackson-core-2.8.11.jar:/Users/anmolgupta/.m2/repository/org/springframework/spring-web/4.3.24.RELEASE/spring-web-4.3.24.RELEASE.jar:/Users/anmolgupta/.m2/repository/org/springframework/spring-webmvc/4.3.24.RELEASE/spring-webmvc-4.3.24.RELEASE.jar:/Users/anmolgupta/.m2/repository/org/springframework/spring-expression/4.3.24.RELEASE/spring-expression-4.3.24.RELEASE.jar:/Users/anmolgupta/.m2/repository/mysql/mysql-connector-java/5.1.47/mysql-connector-java-5.1.47.jar:/Users/anmolgupta/.m2/repository/org/springframework/boot/spring-boot-starter-test/1.5.21.RELEASE/spring-boot-starter-test-1.5.21.RELEASE.jar:/Users/anmolgupta/.m2/repository/org/springframework/boot/spring-boot-test/1.5.21.RELEASE/spring-boot-test-1.5.21.RELEASE.jar:/Users/anmolgupta/.m2/repository/org/springframework/boot/spring-boot-test-autoconfigure/1.5.21.RELEASE/spring-boot-test-autoconfigure-1.5.21.RELEASE.jar:/Users/anmolgupta/.m2/repository/com/jayway/jsonpath/json-path/2.2.0/json-path-2.2.0.jar:/Users/anmolgupta/.m2/repository/net/minidev/json-smart/2.2.1/json-smart-2.2.1.jar:/Users/anmolgupta/.m2/repository/net/minidev/accessors-smart/1.1/accessors-smart-1.1.jar:/Users/anmolgupta/.m2/repository/org/ow2/asm/asm/5.0.3/asm-5.0.3.jar:/Users/anmolgupta/.m2/repository/junit/junit/4.12/junit-4.12.jar:/Users/anmolgupta/.m2/repository/org/assertj/assertj-core/2.6.0/assertj-core-2.6.0.jar:/Users/anmolgupta/.m2/repository/org/mockito/mockito-core/1.10.19/mockito-core-1.10.19.jar:/Users/anmolgupta/.m2/repository/org/objenesis/objenesis/2.1/objenesis-2.1.jar:/Users/anmolgupta/.m2/repository/org/hamcrest/hamcrest-core/1.3/hamcrest-core-1.3.jar:/Users/anmolgupta/.m2/repository/org/hamcrest/hamcrest-library/1.3/hamcrest-library-1.3.jar:/Users/anmolgupta/.m2/repository/org/skyscreamer/jsonassert/1.4.0/jsonassert-1.4.0.jar:/Users/anmolgupta/.m2/repository/com/vaadin/external/google/android-json/0.0.20131108.vaadin1/android-json-0.0.20131108.vaadin1.jar:/Users/anmolgupta/.m2/repository/org/springframework/spring-core/4.3.24.RELEASE/spring-core-4.3.24.RELEASE.jar:/Users/anmolgupta/.m2/repository/org/springframework/spring-test/4.3.24.RELEASE/spring-test-4.3.24.RELEASE.jar:, user.name=anmolgupta, java.vm.specification.version=1.8, sun.java.command=/Users/anmolgupta/Projects/UsersMicroService/target/surefire/surefirebooter8281659676354775519.jar /Users/anmolgupta/Projects/UsersMicroService/target/surefire/surefire8790998929345736286tmp /Users/anmolgupta/Projects/UsersMicroService/target/surefire/surefire_05893683463607882870tmp, java.home=/Library/Java/JavaVirtualMachines/jdk1.8.0_171.jdk/Contents/Home/jre, sun.arch.data.model=64, user.language=en, java.specification.vendor=Oracle Corporation, awt.toolkit=sun.lwawt.macosx.LWCToolkit, java.vm.info=mixed mode, java.version=1.8.0_171, java.ext.dirs=/Users/anmolgupta/Library/Java/Extensions:/Library/Java/JavaVirtualMachines/jdk1.8.0_171.jdk/Contents/Home/jre/lib/ext:/Library/Java/Extensions:/Network/Library/Java/Extensions:/System/Library/Java/Extensions:/usr/lib/java, sun.boot.class.path=/Library/Java/JavaVirtualMachines/jdk1.8.0_171.jdk/Contents/Home/jre/lib/resources.jar:/Library/Java/JavaVirtualMachines/jdk1.8.0_171.jdk/Contents/Home/jre/lib/rt.jar:/Library/Java/JavaVirtualMachines/jdk1.8.0_171.jdk/Contents/Home/jre/lib/sunrsasign.jar:/Library/Java/JavaVirtualMachines/jdk1.8.0_171.jdk/Contents/Home/jre/lib/jsse.jar:/Library/Java/JavaVirtualMachines/jdk1.8.0_171.jdk/Contents/Home/jre/lib/jce.jar:/Library/Java/JavaVirtualMachines/jdk1.8.0_171.jdk/Contents/Home/jre/lib/charsets.jar:/Library/Java/JavaVirtualMachines/jdk1.8.0_171.jdk/Contents/Home/jre/lib/jfr.jar:/Library/Java/JavaVirtualMachines/jdk1.8.0_171.jdk/Contents/Home/jre/classes, java.vendor=Oracle Corporation, localRepository=/Users/anmolgupta/.m2/repository, file.separator=/, java.vendor.url.bug=http://bugreport.sun.com/bugreport/, sun.io.unicode.encoding=UnicodeBig, sun.cpu.endian=little, socksNonProxyHosts=local|*.local|169.254/16|*.169.254/16, ftp.nonProxyHosts=local|*.local|169.254/16|*.169.254/16, sun.cpu.isalist=}}, SystemEnvironmentPropertySource@97652294 {name='systemEnvironment', properties={PATH=/usr/local/mysql/bin:/usr/local/opt/postgresql@9.6/bin:/usr/local/opt/maven@3.3/bin:/usr/local/bin:/usr/bin:/bin:/usr/sbin:/sbin, JAVA_HOME=/Library/Java/JavaVirtualMachines/jdk1.8.0_171.jdk/Contents/Home, JAVA_MAIN_CLASS_13802=org.codehaus.plexus.classworlds.launcher.Launcher, TERM=xterm-256color, LDFLAGS=-L/usr/local/opt/postgresql@9.6/lib, LOGNAME=anmolgupta, XPC_SERVICE_NAME=0, PWD=/Users/anmolgupta/Projects/UsersMicroService, MAVEN_CMD_LINE_ARGS= clean install, _=/Library/Java/JavaVirtualMachines/jdk1.8.0_171.jdk/Contents/Home/jre/bin/java, SHELL=/bin/bash, CPPFLAGS=-I/usr/local/opt/postgresql@9.6/include, LSCOLORS=GxFxCxDxBxegedabagaced, HOMEBREW_NO_AUTO_UPDATE=false, MAVEN_PROJECTBASEDIR=/Users/anmolgupta/Projects/UsersMicroService, OLDPWD=/Users/anmolgupta/Projects/UsersMicroService, USER=anmolgupta, CLICOLOR=1, JAVA_MAIN_CLASS_13817=org.apache.maven.surefire.booter.ForkedBooter, TMPDIR=/var/folders/18/5y90rp6d3zn3jd2q5pxbfg3w0000gn/T/, SSH_AUTH_SOCK=/private/tmp/com.apple.launchd.tdiiWsiMLg/Listeners, XPC_FLAGS=0x0, __CF_USER_TEXT_ENCODING=0x1F5:0x0:0x0, Apple_PubSub_Socket_Render=/private/tmp/com.apple.launchd.lD3iO0RntF/Render, LC_CTYPE=en_IN.UTF-8, HOME=/Users/anmolgupta, SHLVL=2}}]
16:30:44.222 [main] INFO org.springframework.boot.test.context.SpringBootTestContextBootstrapper - Found @SpringBootConfiguration com.ving.ecommerce.users.UsersApplication for test class com.ving.ecommerce.users.UsersApplicationTests
16:30:44.247 [main] DEBUG org.springframework.boot.test.context.SpringBootTestContextBootstrapper - @TestExecutionListeners is not present for class [com.ving.ecommerce.users.UsersApplicationTests]: using defaults.
16:30:44.254 [main] INFO org.springframework.boot.test.context.SpringBootTestContextBootstrapper - Loaded default TestExecutionListener class names from location [META-INF/spring.factories]: [org.springframework.boot.test.mock.mockito.MockitoTestExecutionListener, org.springframework.boot.test.mock.mockito.ResetMocksTestExecutionListener, org.springframework.boot.test.autoconfigure.restdocs.RestDocsTestExecutionListener, org.springframework.boot.test.autoconfigure.web.client.MockRestServiceServerResetTestExecutionListener, org.springframework.boot.test.autoconfigure.web.servlet.MockMvcPrintOnlyOnFailureTestExecutionListener, org.springframework.boot.test.autoconfigure.web.servlet.WebDriverTestExecutionListener, org.springframework.test.context.web.ServletTestExecutionListener, org.springframework.test.context.support.DirtiesContextBeforeModesTestExecutionListener, org.springframework.test.context.support.DependencyInjectionTestExecutionListener, org.springframework.test.context.support.DirtiesContextTestExecutionListener, org.springframework.test.context.transaction.TransactionalTestExecutionListener, org.springframework.test.context.jdbc.SqlScriptsTestExecutionListener]
16:30:44.264 [main] INFO org.springframework.boot.test.context.SpringBootTestContextBootstrapper - Using TestExecutionListeners: [org.springframework.test.context.web.ServletTestExecutionListener@4d826d77, org.springframework.test.context.support.DirtiesContextBeforeModesTestExecutionListener@61009542, org.springframework.boot.test.mock.mockito.MockitoTestExecutionListener@77e9807f, org.springframework.boot.test.autoconfigure.SpringBootDependencyInjectionTestExecutionListener@448ff1a8, org.springframework.test.context.support.DirtiesContextTestExecutionListener@1a38c59b, org.springframework.test.context.transaction.TransactionalTestExecutionListener@7f77e91b, org.springframework.test.context.jdbc.SqlScriptsTestExecutionListener@44a664f2, org.springframework.boot.test.mock.mockito.ResetMocksTestExecutionListener@7f9fcf7f, org.springframework.boot.test.autoconfigure.restdocs.RestDocsTestExecutionListener@2357d90a, org.springframework.boot.test.autoconfigure.web.client.MockRestServiceServerResetTestExecutionListener@6328d34a, org.springframework.boot.test.autoconfigure.web.servlet.MockMvcPrintOnlyOnFailureTestExecutionListener@145eaa29, org.springframework.boot.test.autoconfigure.web.servlet.WebDriverTestExecutionListener@15bb6bea]
16:30:44.267 [main] DEBUG org.springframework.test.annotation.ProfileValueUtils - Retrieved @ProfileValueSourceConfiguration [null] for test class [com.ving.ecommerce.users.UsersApplicationTests]
16:30:44.272 [main] DEBUG org.springframework.test.annotation.ProfileValueUtils - Retrieved ProfileValueSource type [class org.springframework.test.annotation.SystemProfileValueSource] for class [com.ving.ecommerce.users.UsersApplicationTests]
16:30:44.281 [main] DEBUG org.springframework.test.annotation.ProfileValueUtils - Retrieved @ProfileValueSourceConfiguration [null] for test class [com.ving.ecommerce.users.UsersApplicationTests]
16:30:44.282 [main] DEBUG org.springframework.test.annotation.ProfileValueUtils - Retrieved ProfileValueSource type [class org.springframework.test.annotation.SystemProfileValueSource] for class [com.ving.ecommerce.users.UsersApplicationTests]
16:30:44.296 [main] DEBUG org.springframework.test.context.support.AbstractDirtiesContextTestExecutionListener - Before test class: context [DefaultTestContext@5d47c63f testClass = UsersApplicationTests, testInstance = [null], testMethod = [null], testException = [null], mergedContextConfiguration = [WebMergedContextConfiguration@5ea434c8 testClass = UsersApplicationTests, locations = '{}', classes = '{class com.ving.ecommerce.users.UsersApplication}', contextInitializerClasses = '[]', activeProfiles = '{}', propertySourceLocations = '{}', propertySourceProperties = '{org.springframework.boot.test.context.SpringBootTestContextBootstrapper=true}', contextCustomizers = set[org.springframework.boot.test.context.SpringBootTestContextCustomizer@6f1fba17, org.springframework.boot.test.context.filter.ExcludeFilterContextCustomizer@335eadca, org.springframework.boot.test.json.DuplicateJsonObjectContextCustomizerFactory$DuplicateJsonObjectContextCustomizer@2b2948e2, org.springframework.boot.test.mock.mockito.MockitoContextCustomizer@0, org.springframework.boot.test.autoconfigure.properties.PropertyMappingContextCustomizer@0, org.springframework.boot.test.autoconfigure.web.servlet.WebDriverContextCustomizerFactory$Customizer@32709393], resourceBasePath = 'src/main/webapp', contextLoader = 'org.springframework.boot.test.context.SpringBootContextLoader', parent = [null]]], class annotated with @DirtiesContext [false] with mode [null].
16:30:44.298 [main] DEBUG org.springframework.test.annotation.ProfileValueUtils - Retrieved @ProfileValueSourceConfiguration [null] for test class [com.ving.ecommerce.users.UsersApplicationTests]
16:30:44.298 [main] DEBUG org.springframework.test.annotation.ProfileValueUtils - Retrieved ProfileValueSource type [class org.springframework.test.annotation.SystemProfileValueSource] for class [com.ving.ecommerce.users.UsersApplicationTests]
16:30:44.420 [main] DEBUG org.springframework.core.env.StandardEnvironment - Adding PropertySource 'systemProperties' with lowest search precedence
16:30:44.420 [main] DEBUG org.springframework.core.env.StandardEnvironment - Adding PropertySource 'systemEnvironment' with lowest search precedence
16:30:44.420 [main] DEBUG org.springframework.core.env.StandardEnvironment - Initialized StandardEnvironment with PropertySources [MapPropertySource@1629687658 {name='systemProperties', properties={java.runtime.name=Java(TM) SE Runtime Environment, sun.boot.library.path=/Library/Java/JavaVirtualMachines/jdk1.8.0_171.jdk/Contents/Home/jre/lib, java.vm.version=25.171-b11, gopherProxySet=false, java.vm.vendor=Oracle Corporation, java.vendor.url=http://java.oracle.com/, path.separator=:, java.vm.name=Java HotSpot(TM) 64-Bit Server VM, file.encoding.pkg=sun.io, user.country=IN, sun.java.launcher=SUN_STANDARD, sun.os.patch.level=unknown, java.vm.specification.name=Java Virtual Machine Specification, user.dir=/Users/anmolgupta/Projects/UsersMicroService, java.runtime.version=1.8.0_171-b11, basedir=/Users/anmolgupta/Projects/UsersMicroService, java.awt.graphicsenv=sun.awt.CGraphicsEnvironment, java.endorsed.dirs=/Library/Java/JavaVirtualMachines/jdk1.8.0_171.jdk/Contents/Home/jre/lib/endorsed, os.arch=x86_64, surefire.real.class.path=/Users/anmolgupta/Projects/UsersMicroService/target/surefire/surefirebooter8281659676354775519.jar, java.io.tmpdir=/var/folders/18/5y90rp6d3zn3jd2q5pxbfg3w0000gn/T/, line.separator=
[...]
2019-05-23 16:30:58.372  INFO 13817 --- [           main] utoConfigurationReportLoggingInitializer : 

Error starting ApplicationContext. To display the auto-configuration report re-run your application with 'debug' enabled.
2019-05-23 16:30:58.397 ERROR 13817 --- [           main] o.s.boot.SpringApplication               : Application startup failed

org.springframework.beans.factory.BeanCreationException: Error creating bean with name 'entityManagerFactory' defined in class path resource [org/springframework/boot/autoconfigure/orm/jpa/HibernateJpaAutoConfiguration.class]: Invocation of init method failed; nested exception is javax.persistence.PersistenceException: [PersistenceUnit: default] Unable to build Hibernate SessionFactory; nested exception is org.hibernate.MappingException: Composite-id class must implement Serializable: com.ving.ecommerce.users.model.UserAddress
	at org.springframework.beans.factory.support.AbstractAutowireCapableBeanFactory.initializeBean(AbstractAutowireCapableBeanFactory.java:1630) ~[spring-beans-4.3.24.RELEASE.jar:4.3.24.RELEASE]
	at org.springframework.beans.factory.support.AbstractAutowireCapableBeanFactory.doCreateBean(AbstractAutowireCapableBeanFactory.java:553) ~[spring-beans-4.3.24.RELEASE.jar:4.3.24.RELEASE]
	at org.springframework.beans.factory.support.AbstractAutowireCapableBeanFactory.createBean(AbstractAutowireCapableBeanFactory.java:481) ~[spring-beans-4.3.24.RELEASE.jar:4.3.24.RELEASE]
	at org.springframework.beans.factory.support.AbstractBeanFactory$1.getObject(AbstractBeanFactory.java:312) ~[spring-beans-4.3.24.RELEASE.jar:4.3.24.RELEASE]
	at org.springframework.beans.factory.support.DefaultSingletonBeanRegistry.getSingleton(DefaultSingletonBeanRegistry.java:230) ~[spring-beans-4.3.24.RELEASE.jar:4.3.24.RELEASE]
	at org.springframework.beans.factory.support.AbstractBeanFactory.doGetBean(AbstractBeanFactory.java:308) ~[spring-beans-4.3.24.RELEASE.jar:4.3.24.RELEASE]
	at org.springframework.beans.factory.support.AbstractBeanFactory.getBean(AbstractBeanFactory.java:197) ~[spring-beans-4.3.24.RELEASE.jar:4.3.24.RELEASE]
	at org.springframework.context.support.AbstractApplicationContext.getBean(AbstractApplicationContext.java:1082) ~[spring-context-4.3.24.RELEASE.jar:4.3.24.RELEASE]
	at org.springframework.context.support.AbstractApplicationContext.finishBeanFactoryInitialization(AbstractApplicationContext.java:857) ~[spring-context-4.3.24.RELEASE.jar:4.3.24.RELEASE]
	at org.springframework.context.support.AbstractApplicationContext.refresh(AbstractApplicationContext.java:542) ~[spring-context-4.3.24.RELEASE.jar:4.3.24.RELEASE]
	at org.springframework.boot.SpringApplication.refresh(SpringApplication.java:693) ~[spring-boot-1.5.21.RELEASE.jar:1.5.21.RELEASE]
	at org.springframework.boot.SpringApplication.refreshContext(SpringApplication.java:360) ~[spring-boot-1.5.21.RELEASE.jar:1.5.21.RELEASE]
	at org.springframework.boot.SpringApplication.run(SpringApplication.java:303) ~[spring-boot-1.5.21.RELEASE.jar:1.5.21.RELEASE]
	at org.springframework.boot.test.context.SpringBootContextLoader.loadContext(SpringBootContextLoader.java:121) [spring-boot-test-1.5.21.RELEASE.jar:1.5.21.RELEASE]
	at org.springframework.test.context.cache.DefaultCacheAwareContextLoaderDelegate.loadContextInternal(DefaultCacheAwareContextLoaderDelegate.java:98) [spring-test-4.3.24.RELEASE.jar:4.3.24.RELEASE]
	at org.springframework.test.context.cache.DefaultCacheAwareContextLoaderDelegate.loadContext(DefaultCacheAwareContextLoaderDelegate.java:116) [spring-test-4.3.24.RELEASE.jar:4.3.24.RELEASE]
	at org.springframework.test.context.support.DefaultTestContext.getApplicationContext(DefaultTestContext.java:83) [spring-test-4.3.24.RELEASE.jar:4.3.24.RELEASE]
	at org.springframework.test.context.web.ServletTestExecutionListener.setUpRequestContextIfNecessary(ServletTestExecutionListener.java:189) [spring-test-4.3.24.RELEASE.jar:4.3.24.RELEASE]
	at org.springframework.test.context.web.ServletTestExecutionListener.prepareTestInstance(ServletTestExecutionListener.java:131) [spring-test-4.3.24.RELEASE.jar:4.3.24.RELEASE]
	at org.springframework.test.context.TestContextManager.prepareTestInstance(TestContextManager.java:230) [spring-test-4.3.24.RELEASE.jar:4.3.24.RELEASE]
	at org.springframework.test.context.junit4.SpringJUnit4ClassRunner.createTest(SpringJUnit4ClassRunner.java:228) [spring-test-4.3.24.RELEASE.jar:4.3.24.RELEASE]
	at org.springframework.test.context.junit4.SpringJUnit4ClassRunner$1.runReflectiveCall(SpringJUnit4ClassRunner.java:287) [spring-test-4.3.24.RELEASE.jar:4.3.24.RELEASE]
	at org.junit.internal.runners.model.ReflectiveCallable.run(ReflectiveCallable.java:12) [junit-4.12.jar:4.12]
	at org.springframework.test.context.junit4.SpringJUnit4ClassRunner.methodBlock(SpringJUnit4ClassRunner.java:289) [spring-test-4.3.24.RELEASE.jar:4.3.24.RELEASE]
	at org.springframework.test.context.junit4.SpringJUnit4ClassRunner.runChild(SpringJUnit4ClassRunner.java:247) [spring-test-4.3.24.RELEASE.jar:4.3.24.RELEASE]
	at org.springframework.test.context.junit4.SpringJUnit4ClassRunner.runChild(SpringJUnit4ClassRunner.java:94) [spring-test-4.3.24.RELEASE.jar:4.3.24.RELEASE]
	at org.junit.runners.ParentRunner$3.run(ParentRunner.java:290) [junit-4.12.jar:4.12]
	at org.junit.runners.ParentRunner$1.schedule(ParentRunner.java:71) [junit-4.12.jar:4.12]
	at org.junit.runners.ParentRunner.runChildren(ParentRunner.java:288) [junit-4.12.jar:4.12]
	at org.junit.runners.ParentRunner.access$000(ParentRunner.java:58) [junit-4.12.jar:4.12]
	at org.junit.runners.ParentRunner$2.evaluate(ParentRunner.java:268) [junit-4.12.jar:4.12]
	at org.springframework.test.context.junit4.statements.RunBeforeTestClassCallbacks.evaluate(RunBeforeTestClassCallbacks.java:61) [spring-test-4.3.24.RELEASE.jar:4.3.24.RELEASE]
	at org.springframework.test.context.junit4.statements.RunAfterTestClassCallbacks.evaluate(RunAfterTestClassCallbacks.java:70) [spring-test-4.3.24.RELEASE.jar:4.3.24.RELEASE]
	at org.junit.runners.ParentRunner.run(ParentRunner.java:363) [junit-4.12.jar:4.12]
	at org.springframework.test.context.junit4.SpringJUnit4ClassRunner.run(SpringJUnit4ClassRunner.java:191) [spring-test-4.3.24.RELEASE.jar:4.3.24.RELEASE]
	at org.apache.maven.surefire.junit4.JUnit4Provider.execute(JUnit4Provider.java:283) [surefire-junit4-2.18.1.jar:2.18.1]
	at org.apache.maven.surefire.junit4.JUnit4Provider.executeWithRerun(JUnit4Provider.java:173) [surefire-junit4-2.18.1.jar:2.18.1]
	at org.apache.maven.surefire.junit4.JUnit4Provider.executeTestSet(JUnit4Provider.java:153) [surefire-junit4-2.18.1.jar:2.18.1]
	at org.apache.maven.surefire.junit4.JUnit4Provider.invoke(JUnit4Provider.java:128) [surefire-junit4-2.18.1.jar:2.18.1]
	at org.apache.maven.surefire.booter.ForkedBooter.invokeProviderInSameClassLoader(ForkedBooter.java:203) [surefire-booter-2.18.1.jar:2.18.1]
	at org.apache.maven.surefire.booter.ForkedBooter.runSuitesInProcess(ForkedBooter.java:155) [surefire-booter-2.18.1.jar:2.18.1]
	at org.apache.maven.surefire.booter.ForkedBooter.main(ForkedBooter.java:103) [surefire-booter-2.18.1.jar:2.18.1]
Caused by: javax.persistence.PersistenceException: [PersistenceUnit: default] Unable to build Hibernate SessionFactory; nested exception is org.hibernate.MappingException: Composite-id class must implement Serializable: com.ving.ecommerce.users.model.UserAddress
	at org.springframework.orm.jpa.AbstractEntityManagerFactoryBean.buildNativeEntityManagerFactory(AbstractEntityManagerFactoryBean.java:396) ~[spring-orm-4.3.24.RELEASE.jar:4.3.24.RELEASE]
	at org.springframework.orm.jpa.AbstractEntityManagerFactoryBean.afterPropertiesSet(AbstractEntityManagerFactoryBean.java:371) ~[spring-orm-4.3.24.RELEASE.jar:4.3.24.RELEASE]
	at org.springframework.orm.jpa.LocalContainerEntityManagerFactoryBean.afterPropertiesSet(LocalContainerEntityManagerFactoryBean.java:336) ~[spring-orm-4.3.24.RELEASE.jar:4.3.24.RELEASE]
	at org.springframework.beans.factory.support.AbstractAutowireCapableBeanFactory.invokeInitMethods(AbstractAutowireCapableBeanFactory.java:1688) ~[spring-beans-4.3.24.RELEASE.jar:4.3.24.RELEASE]
	at org.springframework.beans.factory.support.AbstractAutowireCapableBeanFactory.initializeBean(AbstractAutowireCapableBeanFactory.java:1626) ~[spring-beans-4.3.24.RELEASE.jar:4.3.24.RELEASE]
	... 41 common frames omitted
Caused by: org.hibernate.MappingException: Composite-id class must implement Serializable: com.ving.ecommerce.users.model.UserAddress
	at org.hibernate.mapping.RootClass.checkCompositeIdentifier(RootClass.java:291) ~[hibernate-core-5.0.12.Final.jar:5.0.12.Final]
	at org.hibernate.mapping.RootClass.validate(RootClass.java:274) ~[hibernate-core-5.0.12.Final.jar:5.0.12.Final]
	at org.hibernate.boot.internal.MetadataImpl.validate(MetadataImpl.java:329) ~[hibernate-core-5.0.12.Final.jar:5.0.12.Final]
	at org.hibernate.boot.internal.SessionFactoryBuilderImpl.build(SessionFactoryBuilderImpl.java:443) ~[hibernate-core-5.0.12.Final.jar:5.0.12.Final]
	at org.hibernate.jpa.boot.internal.EntityManagerFactoryBuilderImpl.build(EntityManagerFactoryBuilderImpl.java:879) ~[hibernate-entitymanager-5.0.12.Final.jar:5.0.12.Final]
	at org.springframework.orm.jpa.vendor.SpringHibernateJpaPersistenceProvider.createContainerEntityManagerFactory(SpringHibernateJpaPersistenceProvider.java:60) ~[spring-orm-4.3.24.RELEASE.jar:4.3.24.RELEASE]
	at org.springframework.orm.jpa.LocalContainerEntityManagerFactoryBean.createNativeEntityManagerFactory(LocalContainerEntityManagerFactoryBean.java:360) ~[spring-orm-4.3.24.RELEASE.jar:4.3.24.RELEASE]
	at org.springframework.orm.jpa.AbstractEntityManagerFactoryBean.buildNativeEntityManagerFactory(AbstractEntityManagerFactoryBean.java:384) ~[spring-orm-4.3.24.RELEASE.jar:4.3.24.RELEASE]
	... 45 common frames omitted

2019-05-23 16:30:58.415 ERROR 13817 --- [           main] o.s.test.context.TestContextManager      : Caught exception while allowing TestExecutionListener [org.springframework.test.context.web.ServletTestExecutionListener@4d826d77] to prepare test instance [com.ving.ecommerce.users.UsersApplicationTests@1e236278]

java.lang.IllegalStateException: Failed to load ApplicationContext
	at org.springframework.test.context.cache.DefaultCacheAwareContextLoaderDelegate.loadContext(DefaultCacheAwareContextLoaderDelegate.java:124) ~[spring-test-4.3.24.RELEASE.jar:4.3.24.RELEASE]
	at org.springframework.test.context.support.DefaultTestContext.getApplicationContext(DefaultTestContext.java:83) ~[spring-test-4.3.24.RELEASE.jar:4.3.24.RELEASE]
	at org.springframework.test.context.web.ServletTestExecutionListener.setUpRequestContextIfNecessary(ServletTestExecutionListener.java:189) ~[spring-test-4.3.24.RELEASE.jar:4.3.24.RELEASE]
	at org.springframework.test.context.web.ServletTestExecutionListener.prepareTestInstance(ServletTestExecutionListener.java:131) ~[spring-test-4.3.24.RELEASE.jar:4.3.24.RELEASE]
	at org.springframework.test.context.TestContextManager.prepareTestInstance(TestContextManager.java:230) ~[spring-test-4.3.24.RELEASE.jar:4.3.24.RELEASE]
	at org.springframework.test.context.junit4.SpringJUnit4ClassRunner.createTest(SpringJUnit4ClassRunner.java:228) [spring-test-4.3.24.RELEASE.jar:4.3.24.RELEASE]
	at org.springframework.test.context.junit4.SpringJUnit4ClassRunner$1.runReflectiveCall(SpringJUnit4ClassRunner.java:287) [spring-test-4.3.24.RELEASE.jar:4.3.24.RELEASE]
	at org.junit.internal.runners.model.ReflectiveCallable.run(ReflectiveCallable.java:12) [junit-4.12.jar:4.12]
	at org.springframework.test.context.junit4.SpringJUnit4ClassRunner.methodBlock(SpringJUnit4ClassRunner.java:289) [spring-test-4.3.24.RELEASE.jar:4.3.24.RELEASE]
	at org.springframework.test.context.junit4.SpringJUnit4ClassRunner.runChild(SpringJUnit4ClassRunner.java:247) [spring-test-4.3.24.RELEASE.jar:4.3.24.RELEASE]
	at org.springframework.test.context.junit4.SpringJUnit4ClassRunner.runChild(SpringJUnit4ClassRunner.java:94) [spring-test-4.3.24.RELEASE.jar:4.3.24.RELEASE]
	at org.junit.runners.ParentRunner$3.run(ParentRunner.java:290) [junit-4.12.jar:4.12]
	at org.junit.runners.ParentRunner$1.schedule(ParentRunner.java:71) [junit-4.12.jar:4.12]
	at org.junit.runners.ParentRunner.runChildren(ParentRunner.java:288) [junit-4.12.jar:4.12]
	at org.junit.runners.ParentRunner.access$000(ParentRunner.java:58) [junit-4.12.jar:4.12]
	at org.junit.runners.ParentRunner$2.evaluate(ParentRunner.java:268) [junit-4.12.jar:4.12]
	at org.springframework.test.context.junit4.statements.RunBeforeTestClassCallbacks.evaluate(RunBeforeTestClassCallbacks.java:61) [spring-test-4.3.24.RELEASE.jar:4.3.24.RELEASE]
	at org.springframework.test.context.junit4.statements.RunAfterTestClassCallbacks.evaluate(RunAfterTestClassCallbacks.java:70) [spring-test-4.3.24.RELEASE.jar:4.3.24.RELEASE]
	at org.junit.runners.ParentRunner.run(ParentRunner.java:363) [junit-4.12.jar:4.12]
	at org.springframework.test.context.junit4.SpringJUnit4ClassRunner.run(SpringJUnit4ClassRunner.java:191) [spring-test-4.3.24.RELEASE.jar:4.3.24.RELEASE]
	at org.apache.maven.surefire.junit4.JUnit4Provider.execute(JUnit4Provider.java:283) [surefire-junit4-2.18.1.jar:2.18.1]
	at org.apache.maven.surefire.junit4.JUnit4Provider.executeWithRerun(JUnit4Provider.java:173) [surefire-junit4-2.18.1.jar:2.18.1]
	at org.apache.maven.surefire.junit4.JUnit4Provider.executeTestSet(JUnit4Provider.java:153) [surefire-junit4-2.18.1.jar:2.18.1]
	at org.apache.maven.surefire.junit4.JUnit4Provider.invoke(JUnit4Provider.java:128) [surefire-junit4-2.18.1.jar:2.18.1]
	at org.apache.maven.surefire.booter.ForkedBooter.invokeProviderInSameClassLoader(ForkedBooter.java:203) [surefire-booter-2.18.1.jar:2.18.1]
	at org.apache.maven.surefire.booter.ForkedBooter.runSuitesInProcess(ForkedBooter.java:155) [surefire-booter-2.18.1.jar:2.18.1]
	at org.apache.maven.surefire.booter.ForkedBooter.main(ForkedBooter.java:103) [surefire-booter-2.18.1.jar:2.18.1]
Caused by: org.springframework.beans.factory.BeanCreationException: Error creating bean with name 'entityManagerFactory' defined in class path resource [org/springframework/boot/autoconfigure/orm/jpa/HibernateJpaAutoConfiguration.class]: Invocation of init method failed; nested exception is javax.persistence.PersistenceException: [PersistenceUnit: default] Unable to build Hibernate SessionFactory; nested exception is org.hibernate.MappingException: Composite-id class must implement Serializable: com.ving.ecommerce.users.model.UserAddress
	at org.springframework.beans.factory.support.AbstractAutowireCapableBeanFactory.initializeBean(AbstractAutowireCapableBeanFactory.java:1630) ~[spring-beans-4.3.24.RELEASE.jar:4.3.24.RELEASE]
	at org.springframework.beans.factory.support.AbstractAutowireCapableBeanFactory.doCreateBean(AbstractAutowireCapableBeanFactory.java:553) ~[spring-beans-4.3.24.RELEASE.jar:4.3.24.RELEASE]
	at org.springframework.beans.factory.support.AbstractAutowireCapableBeanFactory.createBean(AbstractAutowireCapableBeanFactory.java:481) ~[spring-beans-4.3.24.RELEASE.jar:4.3.24.RELEASE]
	at org.springframework.beans.factory.support.AbstractBeanFactory$1.getObject(AbstractBeanFactory.java:312) ~[spring-beans-4.3.24.RELEASE.jar:4.3.24.RELEASE]
	at org.springframework.beans.factory.support.DefaultSingletonBeanRegistry.getSingleton(DefaultSingletonBeanRegistry.java:230) ~[spring-beans-4.3.24.RELEASE.jar:4.3.24.RELEASE]
	at org.springframework.beans.factory.support.AbstractBeanFactory.doGetBean(AbstractBeanFactory.java:308) ~[spring-beans-4.3.24.RELEASE.jar:4.3.24.RELEASE]
	at org.springframework.beans.factory.support.AbstractBeanFactory.getBean(AbstractBeanFactory.java:197) ~[spring-beans-4.3.24.RELEASE.jar:4.3.24.RELEASE]
	at org.springframework.context.support.AbstractApplicationContext.getBean(AbstractApplicationContext.java:1082) ~[spring-context-4.3.24.RELEASE.jar:4.3.24.RELEASE]
	at org.springframework.context.support.AbstractApplicationContext.finishBeanFactoryInitialization(AbstractApplicationContext.java:857) ~[spring-context-4.3.24.RELEASE.jar:4.3.24.RELEASE]
	at org.springframework.context.support.AbstractApplicationContext.refresh(AbstractApplicationContext.java:542) ~[spring-context-4.3.24.RELEASE.jar:4.3.24.RELEASE]
	at org.springframework.boot.SpringApplication.refresh(SpringApplication.java:693) ~[spring-boot-1.5.21.RELEASE.jar:1.5.21.RELEASE]
	at org.springframework.boot.SpringApplication.refreshContext(SpringApplication.java:360) ~[spring-boot-1.5.21.RELEASE.jar:1.5.21.RELEASE]
	at org.springframework.boot.SpringApplication.run(SpringApplication.java:303) ~[spring-boot-1.5.21.RELEASE.jar:1.5.21.RELEASE]
	at org.springframework.boot.test.context.SpringBootContextLoader.loadContext(SpringBootContextLoader.java:121) ~[spring-boot-test-1.5.21.RELEASE.jar:1.5.21.RELEASE]
	at org.springframework.test.context.cache.DefaultCacheAwareContextLoaderDelegate.loadContextInternal(DefaultCacheAwareContextLoaderDelegate.java:98) ~[spring-test-4.3.24.RELEASE.jar:4.3.24.RELEASE]
	at org.springframework.test.context.cache.DefaultCacheAwareContextLoaderDelegate.loadContext(DefaultCacheAwareContextLoaderDelegate.java:116) ~[spring-test-4.3.24.RELEASE.jar:4.3.24.RELEASE]
	... 26 common frames omitted
Caused by: javax.persistence.PersistenceException: [PersistenceUnit: default] Unable to build Hibernate SessionFactory; nested exception is org.hibernate.MappingException: Composite-id class must implement Serializable: com.ving.ecommerce.users.model.UserAddress
	at org.springframework.orm.jpa.AbstractEntityManagerFactoryBean.buildNativeEntityManagerFactory(AbstractEntityManagerFactoryBean.java:396) ~[spring-orm-4.3.24.RELEASE.jar:4.3.24.RELEASE]
	at org.springframework.orm.jpa.AbstractEntityManagerFactoryBean.afterPropertiesSet(AbstractEntityManagerFactoryBean.java:371) ~[spring-orm-4.3.24.RELEASE.jar:4.3.24.RELEASE]
	at org.springframework.orm.jpa.LocalContainerEntityManagerFactoryBean.afterPropertiesSet(LocalContainerEntityManagerFactoryBean.java:336) ~[spring-orm-4.3.24.RELEASE.jar:4.3.24.RELEASE]
	at org.springframework.beans.factory.support.AbstractAutowireCapableBeanFactory.invokeInitMethods(AbstractAutowireCapableBeanFactory.java:1688) ~[spring-beans-4.3.24.RELEASE.jar:4.3.24.RELEASE]
	at org.springframework.beans.factory.support.AbstractAutowireCapableBeanFactory.initializeBean(AbstractAutowireCapableBeanFactory.java:1626) ~[spring-beans-4.3.24.RELEASE.jar:4.3.24.RELEASE]
	... 41 common frames omitted
Caused by: org.hibernate.MappingException: Composite-id class must implement Serializable: com.ving.ecommerce.users.model.UserAddress
	at org.hibernate.mapping.RootClass.checkCompositeIdentifier(RootClass.java:291) ~[hibernate-core-5.0.12.Final.jar:5.0.12.Final]
	at org.hibernate.mapping.RootClass.validate(RootClass.java:274) ~[hibernate-core-5.0.12.Final.jar:5.0.12.Final]
	at org.hibernate.boot.internal.MetadataImpl.validate(MetadataImpl.java:329) ~[hibernate-core-5.0.12.Final.jar:5.0.12.Final]
	at org.hibernate.boot.internal.SessionFactoryBuilderImpl.build(SessionFactoryBuilderImpl.java:443) ~[hibernate-core-5.0.12.Final.jar:5.0.12.Final]
	at org.hibernate.jpa.boot.internal.EntityManagerFactoryBuilderImpl.build(EntityManagerFactoryBuilderImpl.java:879) ~[hibernate-entitymanager-5.0.12.Final.jar:5.0.12.Final]
	at org.springframework.orm.jpa.vendor.SpringHibernateJpaPersistenceProvider.createContainerEntityManagerFactory(SpringHibernateJpaPersistenceProvider.java:60) ~[spring-orm-4.3.24.RELEASE.jar:4.3.24.RELEASE]
	at org.springframework.orm.jpa.LocalContainerEntityManagerFactoryBean.createNativeEntityManagerFactory(LocalContainerEntityManagerFactoryBean.java:360) ~[spring-orm-4.3.24.RELEASE.jar:4.3.24.RELEASE]
	at org.springframework.orm.jpa.AbstractEntityManagerFactoryBean.buildNativeEntityManagerFactory(AbstractEntityManagerFactoryBean.java:384) ~[spring-orm-4.3.24.RELEASE.jar:4.3.24.RELEASE]
	... 45 common frames omitted

]]></system-out>
  </testcase>
</testsuite>